ARM GAS  C:\Users\gsgill\AppData\Local\Temp\ccFjgBIU.s 			page 1


   1              		.cpu cortex-m0
   2              		.fpu softvfp
   3              		.eabi_attribute 20, 1
   4              		.eabi_attribute 21, 1
   5              		.eabi_attribute 23, 3
   6              		.eabi_attribute 24, 1
   7              		.eabi_attribute 25, 1
   8              		.eabi_attribute 26, 1
   9              		.eabi_attribute 30, 6
  10              		.eabi_attribute 34, 0
  11              		.eabi_attribute 18, 4
  12              		.code	16
  13              		.file	"cymetadata.c"
  14              		.text
  15              	.Ltext0:
  16              		.cfi_sections	.debug_frame
  17              		.global	cy_meta_loadable
  18              		.section	.cyloadablemeta,"a",%progbits
  19              		.align	2
  20              		.type	cy_meta_loadable, %object
  21              		.size	cy_meta_loadable, 64
  22              	cy_meta_loadable:
  23 0000 00000000 		.space	64
  23      00000000 
  23      00000000 
  23      00000000 
  23      00000000 
  24              		.text
  25              	.Letext0:
  26              		.file 1 ".\\Generated_Source\\PSoC4\\cytypes.h"
  27              		.file 2 ".\\Generated_Source\\PSoC4\\cymetadata.c"
  28              		.section	.debug_info,"",%progbits
  29              	.Ldebug_info0:
  30 0000 AD000000 		.4byte	0xad
  31 0004 0400     		.2byte	0x4
  32 0006 00000000 		.4byte	.Ldebug_abbrev0
  33 000a 04       		.byte	0x4
  34 000b 01       		.uleb128 0x1
  35 000c 8A000000 		.4byte	.LASF13
  36 0010 01       		.byte	0x1
  37 0011 57000000 		.4byte	.LASF14
  38 0015 58010000 		.4byte	.LASF15
  39 0019 00000000 		.4byte	.Ldebug_line0
  40 001d 02       		.uleb128 0x2
  41 001e 01       		.byte	0x1
  42 001f 06       		.byte	0x6
  43 0020 4C010000 		.4byte	.LASF0
  44 0024 02       		.uleb128 0x2
  45 0025 01       		.byte	0x1
  46 0026 08       		.byte	0x8
  47 0027 1D000000 		.4byte	.LASF1
  48 002b 02       		.uleb128 0x2
  49 002c 02       		.byte	0x2
  50 002d 05       		.byte	0x5
  51 002e 33010000 		.4byte	.LASF2
  52 0032 02       		.uleb128 0x2
  53 0033 02       		.byte	0x2
ARM GAS  C:\Users\gsgill\AppData\Local\Temp\ccFjgBIU.s 			page 2


  54 0034 07       		.byte	0x7
  55 0035 3D000000 		.4byte	.LASF3
  56 0039 02       		.uleb128 0x2
  57 003a 04       		.byte	0x4
  58 003b 05       		.byte	0x5
  59 003c 43010000 		.4byte	.LASF4
  60 0040 02       		.uleb128 0x2
  61 0041 04       		.byte	0x4
  62 0042 07       		.byte	0x7
  63 0043 2B000000 		.4byte	.LASF5
  64 0047 02       		.uleb128 0x2
  65 0048 08       		.byte	0x8
  66 0049 05       		.byte	0x5
  67 004a 20010000 		.4byte	.LASF6
  68 004e 02       		.uleb128 0x2
  69 004f 08       		.byte	0x8
  70 0050 07       		.byte	0x7
  71 0051 06000000 		.4byte	.LASF7
  72 0055 03       		.uleb128 0x3
  73 0056 04       		.byte	0x4
  74 0057 05       		.byte	0x5
  75 0058 696E7400 		.ascii	"int\000"
  76 005c 02       		.uleb128 0x2
  77 005d 04       		.byte	0x4
  78 005e 07       		.byte	0x7
  79 005f 7D000000 		.4byte	.LASF8
  80 0063 04       		.uleb128 0x4
  81 0064 3D010000 		.4byte	.LASF16
  82 0068 01       		.byte	0x1
  83 0069 A1       		.byte	0xa1
  84 006a 24000000 		.4byte	0x24
  85 006e 02       		.uleb128 0x2
  86 006f 04       		.byte	0x4
  87 0070 04       		.byte	0x4
  88 0071 00000000 		.4byte	.LASF9
  89 0075 02       		.uleb128 0x2
  90 0076 08       		.byte	0x8
  91 0077 04       		.byte	0x4
  92 0078 50000000 		.4byte	.LASF10
  93 007c 02       		.uleb128 0x2
  94 007d 01       		.byte	0x1
  95 007e 08       		.byte	0x8
  96 007f 2E010000 		.4byte	.LASF11
  97 0083 05       		.uleb128 0x5
  98 0084 63000000 		.4byte	0x63
  99 0088 93000000 		.4byte	0x93
 100 008c 06       		.uleb128 0x6
 101 008d 93000000 		.4byte	0x93
 102 0091 3F       		.byte	0x3f
 103 0092 00       		.byte	0
 104 0093 02       		.uleb128 0x2
 105 0094 04       		.byte	0x4
 106 0095 07       		.byte	0x7
 107 0096 17010000 		.4byte	.LASF12
 108 009a 07       		.uleb128 0x7
 109 009b 06010000 		.4byte	.LASF17
 110 009f 02       		.byte	0x2
ARM GAS  C:\Users\gsgill\AppData\Local\Temp\ccFjgBIU.s 			page 3


 111 00a0 1C       		.byte	0x1c
 112 00a1 AB000000 		.4byte	0xab
 113 00a5 05       		.uleb128 0x5
 114 00a6 03       		.byte	0x3
 115 00a7 00000000 		.4byte	cy_meta_loadable
 116 00ab 08       		.uleb128 0x8
 117 00ac 83000000 		.4byte	0x83
 118 00b0 00       		.byte	0
 119              		.section	.debug_abbrev,"",%progbits
 120              	.Ldebug_abbrev0:
 121 0000 01       		.uleb128 0x1
 122 0001 11       		.uleb128 0x11
 123 0002 01       		.byte	0x1
 124 0003 25       		.uleb128 0x25
 125 0004 0E       		.uleb128 0xe
 126 0005 13       		.uleb128 0x13
 127 0006 0B       		.uleb128 0xb
 128 0007 03       		.uleb128 0x3
 129 0008 0E       		.uleb128 0xe
 130 0009 1B       		.uleb128 0x1b
 131 000a 0E       		.uleb128 0xe
 132 000b 10       		.uleb128 0x10
 133 000c 17       		.uleb128 0x17
 134 000d 00       		.byte	0
 135 000e 00       		.byte	0
 136 000f 02       		.uleb128 0x2
 137 0010 24       		.uleb128 0x24
 138 0011 00       		.byte	0
 139 0012 0B       		.uleb128 0xb
 140 0013 0B       		.uleb128 0xb
 141 0014 3E       		.uleb128 0x3e
 142 0015 0B       		.uleb128 0xb
 143 0016 03       		.uleb128 0x3
 144 0017 0E       		.uleb128 0xe
 145 0018 00       		.byte	0
 146 0019 00       		.byte	0
 147 001a 03       		.uleb128 0x3
 148 001b 24       		.uleb128 0x24
 149 001c 00       		.byte	0
 150 001d 0B       		.uleb128 0xb
 151 001e 0B       		.uleb128 0xb
 152 001f 3E       		.uleb128 0x3e
 153 0020 0B       		.uleb128 0xb
 154 0021 03       		.uleb128 0x3
 155 0022 08       		.uleb128 0x8
 156 0023 00       		.byte	0
 157 0024 00       		.byte	0
 158 0025 04       		.uleb128 0x4
 159 0026 16       		.uleb128 0x16
 160 0027 00       		.byte	0
 161 0028 03       		.uleb128 0x3
 162 0029 0E       		.uleb128 0xe
 163 002a 3A       		.uleb128 0x3a
 164 002b 0B       		.uleb128 0xb
 165 002c 3B       		.uleb128 0x3b
 166 002d 0B       		.uleb128 0xb
 167 002e 49       		.uleb128 0x49
ARM GAS  C:\Users\gsgill\AppData\Local\Temp\ccFjgBIU.s 			page 4


 168 002f 13       		.uleb128 0x13
 169 0030 00       		.byte	0
 170 0031 00       		.byte	0
 171 0032 05       		.uleb128 0x5
 172 0033 01       		.uleb128 0x1
 173 0034 01       		.byte	0x1
 174 0035 49       		.uleb128 0x49
 175 0036 13       		.uleb128 0x13
 176 0037 01       		.uleb128 0x1
 177 0038 13       		.uleb128 0x13
 178 0039 00       		.byte	0
 179 003a 00       		.byte	0
 180 003b 06       		.uleb128 0x6
 181 003c 21       		.uleb128 0x21
 182 003d 00       		.byte	0
 183 003e 49       		.uleb128 0x49
 184 003f 13       		.uleb128 0x13
 185 0040 2F       		.uleb128 0x2f
 186 0041 0B       		.uleb128 0xb
 187 0042 00       		.byte	0
 188 0043 00       		.byte	0
 189 0044 07       		.uleb128 0x7
 190 0045 34       		.uleb128 0x34
 191 0046 00       		.byte	0
 192 0047 03       		.uleb128 0x3
 193 0048 0E       		.uleb128 0xe
 194 0049 3A       		.uleb128 0x3a
 195 004a 0B       		.uleb128 0xb
 196 004b 3B       		.uleb128 0x3b
 197 004c 0B       		.uleb128 0xb
 198 004d 49       		.uleb128 0x49
 199 004e 13       		.uleb128 0x13
 200 004f 3F       		.uleb128 0x3f
 201 0050 19       		.uleb128 0x19
 202 0051 02       		.uleb128 0x2
 203 0052 18       		.uleb128 0x18
 204 0053 00       		.byte	0
 205 0054 00       		.byte	0
 206 0055 08       		.uleb128 0x8
 207 0056 26       		.uleb128 0x26
 208 0057 00       		.byte	0
 209 0058 49       		.uleb128 0x49
 210 0059 13       		.uleb128 0x13
 211 005a 00       		.byte	0
 212 005b 00       		.byte	0
 213 005c 00       		.byte	0
 214              		.section	.debug_aranges,"",%progbits
 215 0000 14000000 		.4byte	0x14
 216 0004 0200     		.2byte	0x2
 217 0006 00000000 		.4byte	.Ldebug_info0
 218 000a 04       		.byte	0x4
 219 000b 00       		.byte	0
 220 000c 0000     		.2byte	0
 221 000e 0000     		.2byte	0
 222 0010 00000000 		.4byte	0
 223 0014 00000000 		.4byte	0
 224              		.section	.debug_line,"",%progbits
ARM GAS  C:\Users\gsgill\AppData\Local\Temp\ccFjgBIU.s 			page 5


 225              	.Ldebug_line0:
 226 0000 4F000000 		.section	.debug_str,"MS",%progbits,1
 226      02004900 
 226      00000201 
 226      FB0E0D00 
 226      01010101 
 227              	.LASF9:
 228 0000 666C6F61 		.ascii	"float\000"
 228      7400
 229              	.LASF7:
 230 0006 6C6F6E67 		.ascii	"long long unsigned int\000"
 230      206C6F6E 
 230      6720756E 
 230      7369676E 
 230      65642069 
 231              	.LASF1:
 232 001d 756E7369 		.ascii	"unsigned char\000"
 232      676E6564 
 232      20636861 
 232      7200
 233              	.LASF5:
 234 002b 6C6F6E67 		.ascii	"long unsigned int\000"
 234      20756E73 
 234      69676E65 
 234      6420696E 
 234      7400
 235              	.LASF3:
 236 003d 73686F72 		.ascii	"short unsigned int\000"
 236      7420756E 
 236      7369676E 
 236      65642069 
 236      6E7400
 237              	.LASF10:
 238 0050 646F7562 		.ascii	"double\000"
 238      6C6500
 239              	.LASF14:
 240 0057 2E5C4765 		.ascii	".\\Generated_Source\\PSoC4\\cymetadata.c\000"
 240      6E657261 
 240      7465645F 
 240      536F7572 
 240      63655C50 
 241              	.LASF8:
 242 007d 756E7369 		.ascii	"unsigned int\000"
 242      676E6564 
 242      20696E74 
 242      00
 243              	.LASF13:
 244 008a 474E5520 		.ascii	"GNU C 4.8.4 20140526 (release) [ARM/embedded-4_8-br"
 244      4320342E 
 244      382E3420 
 244      32303134 
 244      30353236 
 245 00bd 616E6368 		.ascii	"anch revision 211358] -mcpu=cortex-m0 -mthumb -g -O"
 245      20726576 
 245      6973696F 
 245      6E203231 
 245      31333538 
ARM GAS  C:\Users\gsgill\AppData\Local\Temp\ccFjgBIU.s 			page 6


 246 00f0 30202D66 		.ascii	"0 -ffunction-sections\000"
 246      66756E63 
 246      74696F6E 
 246      2D736563 
 246      74696F6E 
 247              	.LASF17:
 248 0106 63795F6D 		.ascii	"cy_meta_loadable\000"
 248      6574615F 
 248      6C6F6164 
 248      61626C65 
 248      00
 249              	.LASF12:
 250 0117 73697A65 		.ascii	"sizetype\000"
 250      74797065 
 250      00
 251              	.LASF6:
 252 0120 6C6F6E67 		.ascii	"long long int\000"
 252      206C6F6E 
 252      6720696E 
 252      7400
 253              	.LASF11:
 254 012e 63686172 		.ascii	"char\000"
 254      00
 255              	.LASF2:
 256 0133 73686F72 		.ascii	"short int\000"
 256      7420696E 
 256      7400
 257              	.LASF16:
 258 013d 75696E74 		.ascii	"uint8\000"
 258      3800
 259              	.LASF4:
 260 0143 6C6F6E67 		.ascii	"long int\000"
 260      20696E74 
 260      00
 261              	.LASF0:
 262 014c 7369676E 		.ascii	"signed char\000"
 262      65642063 
 262      68617200 
 263              	.LASF15:
 264 0158 433A5C55 		.ascii	"C:\\Users\\gsgill\\Documents\\PSoC Creator\\CapSens"
 264      73657273 
 264      5C677367 
 264      696C6C5C 
 264      446F6375 
 265 0186 655F4353 		.ascii	"e_CSD_P4_Design03\\CapSense_CSD_P4_Design03.cydsn\000"
 265      445F5034 
 265      5F446573 
 265      69676E30 
 265      335C4361 
 266              		.ident	"GCC: (GNU Tools for ARM Embedded Processors) 4.8.4 20140526 (release) [ARM/embedded-4_8-br
