Loading plugins phase: Elapsed time ==> 0s.366ms
Initializing data phase: Elapsed time ==> 0s.000ms
<CYPRESSTAG name="CyDsfit arguments...">
cydsfit arguments: -.fdsnotice -.fdswarpdepfile=warp_dependencies.txt -.fdselabdepfile=elab_dependencies.txt -.fdsbldfile=generated_files.txt -p C:\Users\gsgill\Documents\PSoC Creator\CapSense_CSD_P4_Design03\CapSense_CSD_P4_Design03.cydsn\CapSense_CSD_P4_Design03.cyprj -d CY8C4245AXI-483 -s C:\Users\gsgill\Documents\PSoC Creator\CapSense_CSD_P4_Design03\CapSense_CSD_P4_Design03.cydsn\Generated_Source\PSoC4 -- -yv2 -q10 -ygs -o2 -v3 -.fftcfgtype=LE</CYPRESSTAG>
<CYPRESSTAG name="Design elaboration results...">
ADD: pft.M0111: information: One or more rows of flash have been configured to be protected; however, debugging has been enabled in the System DWR Editor. This means that while write restrictions are honored flash rows can still be read via SWD or JTAG. To prevent any ability to read the flash rows, disable debugging in the System DWR Editor.
 * C:\Users\gsgill\Documents\PSoC Creator\CapSense_CSD_P4_Design03\CapSense_CSD_P4_Design03.cydsn\CapSense_CSD_P4_Design03.cydwr (Chip Protection)

</CYPRESSTAG>
Elaboration phase: Elapsed time ==> 4s.356ms
<CYPRESSTAG name="HDL generation results...">
</CYPRESSTAG>
HDL generation phase: Elapsed time ==> 0s.155ms
<CYPRESSTAG name="Synthesis results...">

     | | | | | | |
   _________________
  -|               |-
  -|               |-
  -|               |-
  -|    CYPRESS    |-
  -|               |-
  -|               |-   Warp Verilog Synthesis Compiler: Version 6.3 IR 41
  -|               |-   Copyright (C) 1991-2001 Cypress Semiconductor
   |_______________|
     | | | | | | |

======================================================================
Compiling:  CapSense_CSD_P4_Design03.v
Program  :   D:\Program Files (x86)\Cypress\PSoC Creator\3.1\PSoC Creator\warp\bin/warp.exe
Options  :    -yv2 -q10 -ygs -o2 -v3 -.fftcfgtype=LE -ya -.fftprj=C:\Users\gsgill\Documents\PSoC Creator\CapSense_CSD_P4_Design03\CapSense_CSD_P4_Design03.cydsn\CapSense_CSD_P4_Design03.cyprj -dcpsoc3 CapSense_CSD_P4_Design03.v -verilog
======================================================================

======================================================================
Compiling:  CapSense_CSD_P4_Design03.v
Program  :   D:\Program Files (x86)\Cypress\PSoC Creator\3.1\PSoC Creator\warp\bin/warp.exe
Options  :    -yv2 -q10 -ygs -o2 -v3 -.fftcfgtype=LE -ya -.fftprj=C:\Users\gsgill\Documents\PSoC Creator\CapSense_CSD_P4_Design03\CapSense_CSD_P4_Design03.cydsn\CapSense_CSD_P4_Design03.cyprj -dcpsoc3 CapSense_CSD_P4_Design03.v -verilog
======================================================================

======================================================================
Compiling:  CapSense_CSD_P4_Design03.v
Program  :   vlogfe
Options  :    -yv2 -q10 -ygs -o2 -v3 -.fftcfgtype=LE -ya -.fftprj=C:\Users\gsgill\Documents\PSoC Creator\CapSense_CSD_P4_Design03\CapSense_CSD_P4_Design03.cydsn\CapSense_CSD_P4_Design03.cyprj -dcpsoc3 -verilog CapSense_CSD_P4_Design03.v
======================================================================

vlogfe V6.3 IR 41:  Verilog parser
Fri Feb 13 22:49:09 2015


======================================================================
Compiling:  CapSense_CSD_P4_Design03.v
Program  :   vpp
Options  :    -yv2 -q10 CapSense_CSD_P4_Design03.v
======================================================================

vpp V6.3 IR 41:  Verilog Pre-Processor
Fri Feb 13 22:49:09 2015

Flattening file 'D:\Program Files (x86)\Cypress\PSoC Creator\3.1\PSoC Creator\warp\..\psoc\content\cyprimitives\CyPrimitives.cylib\OneTerminal\OneTerminal.v'
Flattening file 'D:\Program Files (x86)\Cypress\PSoC Creator\3.1\PSoC Creator\warp\..\psoc\content\cyprimitives\CyPrimitives.cylib\ZeroTerminal\ZeroTerminal.v'
Flattening file 'D:\Program Files (x86)\Cypress\PSoC Creator\3.1\PSoC Creator\warp\..\psoc\content\cyprimitives\CyPrimitives.cylib\or_v1_0\or_v1_0.v'
Flattening file 'D:\Program Files (x86)\Cypress\PSoC Creator\3.1\PSoC Creator\warp\..\psoc\content\cyprimitives\CyPrimitives.cylib\cy_virtualmux_v1_0\cy_virtualmux_v1_0.v'

vpp:  No errors.

Library 'work' => directory 'lcpsoc3'
General_symbol_table
General_symbol_table
Linking 'D:\Program Files (x86)\Cypress\PSoC Creator\3.1\PSoC Creator\warp\lib\common\std.vhd'.
Linking 'D:\Program Files (x86)\Cypress\PSoC Creator\3.1\PSoC Creator\warp\lib\common\cypress.vhd'.
Linking 'D:\Program Files (x86)\Cypress\PSoC Creator\3.1\PSoC Creator\warp\lib\common\work\cypress.vif'.
Linking 'D:\Program Files (x86)\Cypress\PSoC Creator\3.1\PSoC Creator\warp\lib\ieee\work\stdlogic.vif'.
Linking 'D:\Program Files (x86)\Cypress\PSoC Creator\3.1\PSoC Creator\warp\lib\common\stdlogic\lpmpkg.vif'.
Linking 'D:\Program Files (x86)\Cypress\PSoC Creator\3.1\PSoC Creator\warp\lib\common\stdlogic\rtlpkg.vif'.
Linking 'D:\Program Files (x86)\Cypress\PSoC Creator\3.1\PSoC Creator\warp\lib\common\stdlogic\mod_cnst.vif'.
Linking 'D:\Program Files (x86)\Cypress\PSoC Creator\3.1\PSoC Creator\warp\lib\common\stdlogic\mod_mthv.vif'.
Linking 'D:\Program Files (x86)\Cypress\PSoC Creator\3.1\PSoC Creator\warp\lib\common\stdlogic\mod_genv.vif'.
Using control file 'CapSense_CSD_P4_Design03.ctl'.

vlogfe:  No errors.


======================================================================
Compiling:  CapSense_CSD_P4_Design03.v
Program  :   tovif
Options  :    -yv2 -q10 -ygs -o2 -v3 -.fftcfgtype=LE -ya -.fftprj=C:\Users\gsgill\Documents\PSoC Creator\CapSense_CSD_P4_Design03\CapSense_CSD_P4_Design03.cydsn\CapSense_CSD_P4_Design03.cyprj -dcpsoc3 -verilog CapSense_CSD_P4_Design03.v
======================================================================

tovif V6.3 IR 41:  High-level synthesis
Fri Feb 13 22:49:09 2015

Linking 'D:\Program Files (x86)\Cypress\PSoC Creator\3.1\PSoC Creator\warp\lib\common\std.vhd'.
Linking 'D:\Program Files (x86)\Cypress\PSoC Creator\3.1\PSoC Creator\warp\lib\common\cypress.vhd'.
Linking 'D:\Program Files (x86)\Cypress\PSoC Creator\3.1\PSoC Creator\warp\lib\common\work\cypress.vif'.
Linking 'D:\Program Files (x86)\Cypress\PSoC Creator\3.1\PSoC Creator\warp\lib\ieee\work\stdlogic.vif'.
Linking 'D:\Program Files (x86)\Cypress\PSoC Creator\3.1\PSoC Creator\warp\lib\common\stdlogic\lpmpkg.vif'.
Linking 'D:\Program Files (x86)\Cypress\PSoC Creator\3.1\PSoC Creator\warp\lib\common\stdlogic\rtlpkg.vif'.
Linking 'D:\Program Files (x86)\Cypress\PSoC Creator\3.1\PSoC Creator\warp\lib\common\stdlogic\mod_cnst.vif'.
Linking 'D:\Program Files (x86)\Cypress\PSoC Creator\3.1\PSoC Creator\warp\lib\common\stdlogic\mod_mthv.vif'.
Linking 'D:\Program Files (x86)\Cypress\PSoC Creator\3.1\PSoC Creator\warp\lib\common\stdlogic\mod_genv.vif'.
Linking 'C:\Users\gsgill\Documents\PSoC Creator\CapSense_CSD_P4_Design03\CapSense_CSD_P4_Design03.cydsn\codegentemp\CapSense_CSD_P4_Design03.ctl'.
Linking 'D:\Program Files (x86)\Cypress\PSoC Creator\3.1\PSoC Creator\psoc\content\cyprimitives\CyPrimitives.cylib\OneTerminal\OneTerminal.v'.
Linking 'C:\Users\gsgill\Documents\PSoC Creator\CapSense_CSD_P4_Design03\CapSense_CSD_P4_Design03.cydsn\codegentemp\CapSense_CSD_P4_Design03.v'.
Linking 'D:\Program Files (x86)\Cypress\PSoC Creator\3.1\PSoC Creator\psoc\content\cyprimitives\CyPrimitives.cylib\ZeroTerminal\ZeroTerminal.v'.
Linking 'D:\Program Files (x86)\Cypress\PSoC Creator\3.1\PSoC Creator\psoc\content\cyprimitives\CyPrimitives.cylib\or_v1_0\or_v1_0.v'.
Linking 'D:\Program Files (x86)\Cypress\PSoC Creator\3.1\PSoC Creator\psoc\content\cyprimitives\CyPrimitives.cylib\cy_virtualmux_v1_0\cy_virtualmux_v1_0.v'.

tovif:  No errors.


======================================================================
Compiling:  CapSense_CSD_P4_Design03.v
Program  :   topld
Options  :    -yv2 -q10 -ygs -o2 -v3 -.fftcfgtype=LE -ya -.fftprj=C:\Users\gsgill\Documents\PSoC Creator\CapSense_CSD_P4_Design03\CapSense_CSD_P4_Design03.cydsn\CapSense_CSD_P4_Design03.cyprj -dcpsoc3 -verilog CapSense_CSD_P4_Design03.v
======================================================================

topld V6.3 IR 41:  Synthesis and optimization
Fri Feb 13 22:49:09 2015

Linking 'D:\Program Files (x86)\Cypress\PSoC Creator\3.1\PSoC Creator\warp\lib\common\std.vhd'.
Linking 'D:\Program Files (x86)\Cypress\PSoC Creator\3.1\PSoC Creator\warp\lib\common\cypress.vhd'.
Linking 'D:\Program Files (x86)\Cypress\PSoC Creator\3.1\PSoC Creator\warp\lib\common\work\cypress.vif'.
Linking 'D:\Program Files (x86)\Cypress\PSoC Creator\3.1\PSoC Creator\warp\lib\ieee\work\stdlogic.vif'.
Linking 'D:\Program Files (x86)\Cypress\PSoC Creator\3.1\PSoC Creator\warp\lib\common\stdlogic\lpmpkg.vif'.
Linking 'D:\Program Files (x86)\Cypress\PSoC Creator\3.1\PSoC Creator\warp\lib\common\stdlogic\rtlpkg.vif'.
Linking 'D:\Program Files (x86)\Cypress\PSoC Creator\3.1\PSoC Creator\warp\lib\common\stdlogic\mod_cnst.vif'.
Linking 'D:\Program Files (x86)\Cypress\PSoC Creator\3.1\PSoC Creator\warp\lib\common\stdlogic\mod_mthv.vif'.
Linking 'D:\Program Files (x86)\Cypress\PSoC Creator\3.1\PSoC Creator\warp\lib\common\stdlogic\mod_genv.vif'.
Linking 'C:\Users\gsgill\Documents\PSoC Creator\CapSense_CSD_P4_Design03\CapSense_CSD_P4_Design03.cydsn\codegentemp\CapSense_CSD_P4_Design03.ctl'.
Linking 'D:\Program Files (x86)\Cypress\PSoC Creator\3.1\PSoC Creator\psoc\content\cyprimitives\CyPrimitives.cylib\OneTerminal\OneTerminal.v'.
Linking 'C:\Users\gsgill\Documents\PSoC Creator\CapSense_CSD_P4_Design03\CapSense_CSD_P4_Design03.cydsn\codegentemp\CapSense_CSD_P4_Design03.v'.
Linking 'D:\Program Files (x86)\Cypress\PSoC Creator\3.1\PSoC Creator\psoc\content\cyprimitives\CyPrimitives.cylib\ZeroTerminal\ZeroTerminal.v'.
Linking 'D:\Program Files (x86)\Cypress\PSoC Creator\3.1\PSoC Creator\psoc\content\cyprimitives\CyPrimitives.cylib\or_v1_0\or_v1_0.v'.
Linking 'D:\Program Files (x86)\Cypress\PSoC Creator\3.1\PSoC Creator\psoc\content\cyprimitives\CyPrimitives.cylib\cy_virtualmux_v1_0\cy_virtualmux_v1_0.v'.
Linking 'D:\Program Files (x86)\Cypress\PSoC Creator\3.1\PSoC Creator\warp\lib\lcpsoc3\stdlogic\cpsoc3.vif'.

----------------------------------------------------------
Detecting unused logic.
----------------------------------------------------------
    User names
	\CapSense_CSD:Net_545\
	\CapSense_CSD:Net_544\


Deleted 2 User equations/components.
Deleted 0 Synthesized equations/components.

------------------------------------------------------
Alias Detection
------------------------------------------------------
Aliasing one to tmpOE__LED_1_net_0
Aliasing \CapSense_CSD:Net_104\ to zero
Aliasing \CapSense_CSD:Net_312\ to zero
Aliasing \CapSense_CSD:tmpOE__Cmod_net_0\ to tmpOE__LED_1_net_0
Aliasing \CapSense_CSD:IDAC2:Net_3\ to tmpOE__LED_1_net_0
Aliasing \CapSense_CSD:tmpOE__Sns_net_11\ to tmpOE__LED_1_net_0
Aliasing \CapSense_CSD:tmpOE__Sns_net_10\ to tmpOE__LED_1_net_0
Aliasing \CapSense_CSD:tmpOE__Sns_net_9\ to tmpOE__LED_1_net_0
Aliasing \CapSense_CSD:tmpOE__Sns_net_8\ to tmpOE__LED_1_net_0
Aliasing \CapSense_CSD:tmpOE__Sns_net_7\ to tmpOE__LED_1_net_0
Aliasing \CapSense_CSD:tmpOE__Sns_net_6\ to tmpOE__LED_1_net_0
Aliasing \CapSense_CSD:tmpOE__Sns_net_5\ to tmpOE__LED_1_net_0
Aliasing \CapSense_CSD:tmpOE__Sns_net_4\ to tmpOE__LED_1_net_0
Aliasing \CapSense_CSD:tmpOE__Sns_net_3\ to tmpOE__LED_1_net_0
Aliasing \CapSense_CSD:tmpOE__Sns_net_2\ to tmpOE__LED_1_net_0
Aliasing \CapSense_CSD:tmpOE__Sns_net_1\ to tmpOE__LED_1_net_0
Aliasing \CapSense_CSD:tmpOE__Sns_net_0\ to tmpOE__LED_1_net_0
Aliasing \CapSense_CSD:IDAC1:Net_3\ to tmpOE__LED_1_net_0
Aliasing tmpOE__LED_2_net_0 to tmpOE__LED_1_net_0
Aliasing \LED_CONTROL:Net_75\ to zero
Aliasing \LED_CONTROL:Net_69\ to tmpOE__LED_1_net_0
Aliasing \LED_CONTROL:Net_66\ to zero
Aliasing \LED_CONTROL:Net_82\ to zero
Aliasing \LED_CONTROL:Net_72\ to zero
Aliasing tmpOE__Pin_1_net_0 to tmpOE__LED_1_net_0
Removing Lhs of wire one[8] = tmpOE__LED_1_net_0[1]
Removing Lhs of wire \CapSense_CSD:Net_104\[29] = zero[7]
Removing Lhs of wire \CapSense_CSD:Net_312\[33] = zero[7]
Removing Lhs of wire \CapSense_CSD:tmpOE__Cmod_net_0\[36] = tmpOE__LED_1_net_0[1]
Removing Lhs of wire \CapSense_CSD:IDAC2:Net_3\[43] = tmpOE__LED_1_net_0[1]
Removing Lhs of wire \CapSense_CSD:tmpOE__Sns_net_11\[45] = tmpOE__LED_1_net_0[1]
Removing Lhs of wire \CapSense_CSD:tmpOE__Sns_net_10\[46] = tmpOE__LED_1_net_0[1]
Removing Lhs of wire \CapSense_CSD:tmpOE__Sns_net_9\[47] = tmpOE__LED_1_net_0[1]
Removing Lhs of wire \CapSense_CSD:tmpOE__Sns_net_8\[48] = tmpOE__LED_1_net_0[1]
Removing Lhs of wire \CapSense_CSD:tmpOE__Sns_net_7\[49] = tmpOE__LED_1_net_0[1]
Removing Lhs of wire \CapSense_CSD:tmpOE__Sns_net_6\[50] = tmpOE__LED_1_net_0[1]
Removing Lhs of wire \CapSense_CSD:tmpOE__Sns_net_5\[51] = tmpOE__LED_1_net_0[1]
Removing Lhs of wire \CapSense_CSD:tmpOE__Sns_net_4\[52] = tmpOE__LED_1_net_0[1]
Removing Lhs of wire \CapSense_CSD:tmpOE__Sns_net_3\[53] = tmpOE__LED_1_net_0[1]
Removing Lhs of wire \CapSense_CSD:tmpOE__Sns_net_2\[54] = tmpOE__LED_1_net_0[1]
Removing Lhs of wire \CapSense_CSD:tmpOE__Sns_net_1\[55] = tmpOE__LED_1_net_0[1]
Removing Lhs of wire \CapSense_CSD:tmpOE__Sns_net_0\[56] = tmpOE__LED_1_net_0[1]
Removing Lhs of wire \CapSense_CSD:IDAC1:Net_3\[84] = tmpOE__LED_1_net_0[1]
Removing Lhs of wire tmpOE__LED_2_net_0[89] = tmpOE__LED_1_net_0[1]
Removing Lhs of wire \LED_CONTROL:Net_81\[99] = Net_225[97]
Removing Lhs of wire \LED_CONTROL:Net_75\[100] = zero[7]
Removing Lhs of wire \LED_CONTROL:Net_69\[101] = tmpOE__LED_1_net_0[1]
Removing Lhs of wire \LED_CONTROL:Net_66\[102] = zero[7]
Removing Lhs of wire \LED_CONTROL:Net_82\[103] = zero[7]
Removing Lhs of wire \LED_CONTROL:Net_72\[104] = zero[7]
Removing Lhs of wire tmpOE__Pin_1_net_0[120] = tmpOE__LED_1_net_0[1]

------------------------------------------------------
Aliased 0 equations, 26 wires.
------------------------------------------------------

----------------------------------------------------------
Circuit simplification
----------------------------------------------------------

Substituting virtuals - pass 1:


----------------------------------------------------------
Circuit simplification results:

	Expanded 0 signals.
	Turned 0 signals into soft nodes.
	Maximum default expansion cost was set at 3.
----------------------------------------------------------

topld:  No errors.

CYPRESS_DIR    : D:\Program Files (x86)\Cypress\PSoC Creator\3.1\PSoC Creator\warp
Warp Program   : D:\Program Files (x86)\Cypress\PSoC Creator\3.1\PSoC Creator\warp\bin/warp.exe
Warp Arguments : -yv2 -q10 -ygs -o2 -v3 -.fftcfgtype=LE -ya "-.fftprj=C:\Users\gsgill\Documents\PSoC Creator\CapSense_CSD_P4_Design03\CapSense_CSD_P4_Design03.cydsn\CapSense_CSD_P4_Design03.cyprj" -dcpsoc3 CapSense_CSD_P4_Design03.v -verilog
</CYPRESSTAG>
Warp synthesis phase: Elapsed time ==> 0s.954ms
<CYPRESSTAG name="Fitter results...">
<CYPRESSTAG name="Fitter startup details...">
cyp3fit: V3.1.0.1570, Family: PSoC3, Started at: Friday, 13 February 2015 22:49:10
Options: -yv2 -q10 -ygs -o2 -v3 -.fftcfgtype=LE -ya -.fftprj=C:\Users\gsgill\Documents\PSoC Creator\CapSense_CSD_P4_Design03\CapSense_CSD_P4_Design03.cydsn\CapSense_CSD_P4_Design03.cyprj -d CY8C4245AXI-483 CapSense_CSD_P4_Design03.v -verilog
</CYPRESSTAG>
<CYPRESSTAG name="Design parsing">
Design parsing phase: Elapsed time ==> 0s.021ms
</CYPRESSTAG>
<CYPRESSTAG name="Tech mapping">
<CYPRESSTAG name="Initial Mapping" icon="FILE_RPT_TECHM">
<CYPRESSTAG name="Global Clock Selection" icon="FILE_RPT_TECHM">
    Fixed Function Clock 6: Automatic-assigning  clock 'CapSense_CSD_SampleClk'. Signal=\CapSense_CSD:Net_420_ff6\
    Fixed Function Clock 5: Automatic-assigning  clock 'CapSense_CSD_SenseClk'. Signal=\CapSense_CSD:Net_429_ff5\
    Fixed Function Clock 8: Automatic-assigning  clock 'Clock_PWM'. Signal=Net_225_ff8
<CYPRESSTAG name="UDB Clock/Enable Remapping Results">
</CYPRESSTAG>
</CYPRESSTAG>

Removing unused cells resulting from optimization
Done removing unused cells.
<CYPRESSTAG name="Duplicate Macrocell detection">
</CYPRESSTAG>
</CYPRESSTAG>
<CYPRESSTAG name="Duplicate Macrocell detection">
</CYPRESSTAG>
<CYPRESSTAG name="Design Equations" icon="FILE_RPT_EQUATION">

------------------------------------------------------------
Design Equations
------------------------------------------------------------
    <CYPRESSTAG name="Pin listing">

    ------------------------------------------------------------
    Pin listing
    ------------------------------------------------------------

    Pin : Name = LED_1(0)
        Attributes:
            In Group/Port: True
            In Sync Option: AUTO
            Out Sync Option: NOSYNC
            Interrupt generated: False
            Interrupt mode: NONE
            Drive mode: CMOS_OUT
            VTrip: EITHER
            Slew: FAST
            Input Sync needed: False
            Output Sync needed: False
            SC shield enabled: False
            POR State: ANY
            LCD Mode: COMMON
            Register Mode: RegComb
            CaSense Mode: NEITHER
            Treat as pin: True
            Is OE Registered: False
            Uses Analog: False
            Can contain Digital: True
            Is SIO: False
            SIO Output Buf: NONREGULATED
            SIO Input Buf: SINGLE_ENDED
            SIO HiFreq: LOW
            SIO Hyst: DISABLED
            SIO Vtrip: MULTIPLIER_0_5
            SIO RefSel: VCC_IO
            Required Capabilitites: DIGITAL, TCPWM_P
            Initial Value: 1
            IO Voltage: 0
        PORT MAP (
            pa_out => LED_1(0)__PA ,
            input => Net_64 ,
            annotation => Net_56 ,
            pad => LED_1(0)_PAD );
        Properties:
        {
        }

    Pin : Name = LED_2(0)
        Attributes:
            In Group/Port: True
            In Sync Option: AUTO
            Out Sync Option: NOSYNC
            Interrupt generated: False
            Interrupt mode: NONE
            Drive mode: CMOS_OUT
            VTrip: EITHER
            Slew: FAST
            Input Sync needed: False
            Output Sync needed: False
            SC shield enabled: False
            POR State: ANY
            LCD Mode: COMMON
            Register Mode: RegComb
            CaSense Mode: NEITHER
            Treat as pin: True
            Is OE Registered: False
            Uses Analog: False
            Can contain Digital: True
            Is SIO: False
            SIO Output Buf: NONREGULATED
            SIO Input Buf: SINGLE_ENDED
            SIO HiFreq: LOW
            SIO Hyst: DISABLED
            SIO Vtrip: MULTIPLIER_0_5
            SIO RefSel: VCC_IO
            Required Capabilitites: DIGITAL, TCPWM_N
            Initial Value: 1
            IO Voltage: 0
        PORT MAP (
            pa_out => LED_2(0)__PA ,
            input => Net_318 ,
            annotation => Net_46 ,
            pad => LED_2(0)_PAD );
        Properties:
        {
        }

    Pin : Name = Pin_1(0)
        Attributes:
            In Group/Port: True
            In Sync Option: AUTO
            Out Sync Option: NOSYNC
            Interrupt generated: False
            Interrupt mode: NONE
            Drive mode: CMOS_OUT
            VTrip: EITHER
            Slew: FAST
            Input Sync needed: False
            Output Sync needed: False
            SC shield enabled: False
            POR State: ANY
            LCD Mode: COMMON
            Register Mode: RegComb
            CaSense Mode: NEITHER
            Treat as pin: True
            Is OE Registered: False
            Uses Analog: False
            Can contain Digital: True
            Is SIO: False
            SIO Output Buf: NONREGULATED
            SIO Input Buf: SINGLE_ENDED
            SIO HiFreq: LOW
            SIO Hyst: DISABLED
            SIO Vtrip: MULTIPLIER_0_5
            SIO RefSel: VCC_IO
            Required Capabilitites: DIGITAL
            Initial Value: 0
            IO Voltage: 0
        PORT MAP (
            pa_out => Pin_1(0)__PA ,
            pad => Pin_1(0)_PAD );
        Properties:
        {
        }

    Pin : Name = \CapSense_CSD:Cmod(0)\
        Attributes:
            Alias: Cmod
            In Group/Port: True
            In Sync Option: AUTO
            Out Sync Option: AUTO
            Interrupt generated: False
            Interrupt mode: NONE
            Drive mode: HI_Z_ANALOG
            VTrip: EITHER
            Slew: FAST
            Input Sync needed: False
            Output Sync needed: False
            SC shield enabled: False
            POR State: ANY
            LCD Mode: COMMON
            Register Mode: RegComb
            CaSense Mode: NEITHER
            Treat as pin: True
            Is OE Registered: False
            Uses Analog: True
            Can contain Digital: False
            Is SIO: False
            SIO Output Buf: NONREGULATED
            SIO Input Buf: SINGLE_ENDED
            SIO HiFreq: LOW
            SIO Hyst: DISABLED
            SIO Vtrip: MULTIPLIER_0_5
            SIO RefSel: VCC_IO
            Required Capabilitites: ANALOG
            Initial Value: 1
            IO Voltage: 0
        PORT MAP (
            pa_out => \CapSense_CSD:Cmod(0)\__PA ,
            analog_term => \CapSense_CSD:Net_398\ ,
            pad => \CapSense_CSD:Cmod(0)_PAD\ );
        Properties:
        {
        }

    Pin : Name = \CapSense_CSD:Sns(0)\
        Attributes:
            Alias: LinearSlider0_e0__LS
            In Group/Port: True
            In Sync Option: AUTO
            Out Sync Option: AUTO
            Interrupt generated: False
            Interrupt mode: NONE
            Drive mode: HI_Z_ANALOG
            VTrip: EITHER
            Slew: FAST
            Input Sync needed: False
            Output Sync needed: False
            SC shield enabled: False
            POR State: ANY
            LCD Mode: COMMON
            Register Mode: RegComb
            CaSense Mode: NEITHER
            Treat as pin: True
            Is OE Registered: False
            Uses Analog: True
            Can contain Digital: False
            Is SIO: False
            SIO Output Buf: NONREGULATED
            SIO Input Buf: SINGLE_ENDED
            SIO HiFreq: LOW
            SIO Hyst: DISABLED
            SIO Vtrip: MULTIPLIER_0_5
            SIO RefSel: VCC_IO
            Required Capabilitites: ANALOG
            Initial Value: 1
            IO Voltage: 0
        PORT MAP (
            pa_out => \CapSense_CSD:Sns(0)\__PA ,
            analog_term => \CapSense_CSD:Net_245_0\ ,
            pad => \CapSense_CSD:Sns(0)_PAD\ );
        Properties:
        {
        }

    Pin : Name = \CapSense_CSD:Sns(1)\
        Attributes:
            Alias: LinearSlider0_e1__LS
            In Group/Port: True
            In Sync Option: AUTO
            Out Sync Option: AUTO
            Interrupt generated: False
            Interrupt mode: NONE
            Drive mode: HI_Z_ANALOG
            VTrip: EITHER
            Slew: FAST
            Input Sync needed: False
            Output Sync needed: False
            SC shield enabled: False
            POR State: ANY
            LCD Mode: COMMON
            Register Mode: RegComb
            CaSense Mode: NEITHER
            Treat as pin: True
            Is OE Registered: False
            Uses Analog: True
            Can contain Digital: False
            Is SIO: False
            SIO Output Buf: NONREGULATED
            SIO Input Buf: SINGLE_ENDED
            SIO HiFreq: LOW
            SIO Hyst: DISABLED
            SIO Vtrip: MULTIPLIER_0_5
            SIO RefSel: VCC_IO
            Required Capabilitites: ANALOG
            Initial Value: 1
            IO Voltage: 0
        PORT MAP (
            pa_out => \CapSense_CSD:Sns(1)\__PA ,
            analog_term => \CapSense_CSD:Net_245_0\ ,
            pad => \CapSense_CSD:Sns(1)_PAD\ );
        Properties:
        {
        }

    Pin : Name = \CapSense_CSD:Sns(10)\
        Attributes:
            Alias: LinearSlider0_e10__LS
            In Group/Port: True
            In Sync Option: AUTO
            Out Sync Option: AUTO
            Interrupt generated: False
            Interrupt mode: NONE
            Drive mode: HI_Z_ANALOG
            VTrip: EITHER
            Slew: FAST
            Input Sync needed: False
            Output Sync needed: False
            SC shield enabled: False
            POR State: ANY
            LCD Mode: COMMON
            Register Mode: RegComb
            CaSense Mode: NEITHER
            Treat as pin: True
            Is OE Registered: False
            Uses Analog: True
            Can contain Digital: False
            Is SIO: False
            SIO Output Buf: NONREGULATED
            SIO Input Buf: SINGLE_ENDED
            SIO HiFreq: LOW
            SIO Hyst: DISABLED
            SIO Vtrip: MULTIPLIER_0_5
            SIO RefSel: VCC_IO
            Required Capabilitites: ANALOG
            Initial Value: 1
            IO Voltage: 0
        PORT MAP (
            pa_out => \CapSense_CSD:Sns(10)\__PA ,
            analog_term => \CapSense_CSD:Net_245_0\ ,
            pad => \CapSense_CSD:Sns(10)_PAD\ );
        Properties:
        {
        }

    Pin : Name = \CapSense_CSD:Sns(11)\
        Attributes:
            Alias: LinearSlider0_e11__LS
            In Group/Port: True
            In Sync Option: AUTO
            Out Sync Option: AUTO
            Interrupt generated: False
            Interrupt mode: NONE
            Drive mode: HI_Z_ANALOG
            VTrip: EITHER
            Slew: FAST
            Input Sync needed: False
            Output Sync needed: False
            SC shield enabled: False
            POR State: ANY
            LCD Mode: COMMON
            Register Mode: RegComb
            CaSense Mode: NEITHER
            Treat as pin: True
            Is OE Registered: False
            Uses Analog: True
            Can contain Digital: False
            Is SIO: False
            SIO Output Buf: NONREGULATED
            SIO Input Buf: SINGLE_ENDED
            SIO HiFreq: LOW
            SIO Hyst: DISABLED
            SIO Vtrip: MULTIPLIER_0_5
            SIO RefSel: VCC_IO
            Required Capabilitites: ANALOG
            Initial Value: 1
            IO Voltage: 0
        PORT MAP (
            pa_out => \CapSense_CSD:Sns(11)\__PA ,
            analog_term => \CapSense_CSD:Net_245_0\ ,
            pad => \CapSense_CSD:Sns(11)_PAD\ );
        Properties:
        {
        }

    Pin : Name = \CapSense_CSD:Sns(2)\
        Attributes:
            Alias: LinearSlider0_e2__LS
            In Group/Port: True
            In Sync Option: AUTO
            Out Sync Option: AUTO
            Interrupt generated: False
            Interrupt mode: NONE
            Drive mode: HI_Z_ANALOG
            VTrip: EITHER
            Slew: FAST
            Input Sync needed: False
            Output Sync needed: False
            SC shield enabled: False
            POR State: ANY
            LCD Mode: COMMON
            Register Mode: RegComb
            CaSense Mode: NEITHER
            Treat as pin: True
            Is OE Registered: False
            Uses Analog: True
            Can contain Digital: False
            Is SIO: False
            SIO Output Buf: NONREGULATED
            SIO Input Buf: SINGLE_ENDED
            SIO HiFreq: LOW
            SIO Hyst: DISABLED
            SIO Vtrip: MULTIPLIER_0_5
            SIO RefSel: VCC_IO
            Required Capabilitites: ANALOG
            Initial Value: 1
            IO Voltage: 0
        PORT MAP (
            pa_out => \CapSense_CSD:Sns(2)\__PA ,
            analog_term => \CapSense_CSD:Net_245_0\ ,
            pad => \CapSense_CSD:Sns(2)_PAD\ );
        Properties:
        {
        }

    Pin : Name = \CapSense_CSD:Sns(3)\
        Attributes:
            Alias: LinearSlider0_e3__LS
            In Group/Port: True
            In Sync Option: AUTO
            Out Sync Option: AUTO
            Interrupt generated: False
            Interrupt mode: NONE
            Drive mode: HI_Z_ANALOG
            VTrip: EITHER
            Slew: FAST
            Input Sync needed: False
            Output Sync needed: False
            SC shield enabled: False
            POR State: ANY
            LCD Mode: COMMON
            Register Mode: RegComb
            CaSense Mode: NEITHER
            Treat as pin: True
            Is OE Registered: False
            Uses Analog: True
            Can contain Digital: False
            Is SIO: False
            SIO Output Buf: NONREGULATED
            SIO Input Buf: SINGLE_ENDED
            SIO HiFreq: LOW
            SIO Hyst: DISABLED
            SIO Vtrip: MULTIPLIER_0_5
            SIO RefSel: VCC_IO
            Required Capabilitites: ANALOG
            Initial Value: 1
            IO Voltage: 0
        PORT MAP (
            pa_out => \CapSense_CSD:Sns(3)\__PA ,
            analog_term => \CapSense_CSD:Net_245_0\ ,
            pad => \CapSense_CSD:Sns(3)_PAD\ );
        Properties:
        {
        }

    Pin : Name = \CapSense_CSD:Sns(4)\
        Attributes:
            Alias: LinearSlider0_e4__LS
            In Group/Port: True
            In Sync Option: AUTO
            Out Sync Option: AUTO
            Interrupt generated: False
            Interrupt mode: NONE
            Drive mode: HI_Z_ANALOG
            VTrip: EITHER
            Slew: FAST
            Input Sync needed: False
            Output Sync needed: False
            SC shield enabled: False
            POR State: ANY
            LCD Mode: COMMON
            Register Mode: RegComb
            CaSense Mode: NEITHER
            Treat as pin: True
            Is OE Registered: False
            Uses Analog: True
            Can contain Digital: False
            Is SIO: False
            SIO Output Buf: NONREGULATED
            SIO Input Buf: SINGLE_ENDED
            SIO HiFreq: LOW
            SIO Hyst: DISABLED
            SIO Vtrip: MULTIPLIER_0_5
            SIO RefSel: VCC_IO
            Required Capabilitites: ANALOG
            Initial Value: 1
            IO Voltage: 0
        PORT MAP (
            pa_out => \CapSense_CSD:Sns(4)\__PA ,
            analog_term => \CapSense_CSD:Net_245_0\ ,
            pad => \CapSense_CSD:Sns(4)_PAD\ );
        Properties:
        {
        }

    Pin : Name = \CapSense_CSD:Sns(5)\
        Attributes:
            Alias: LinearSlider0_e5__LS
            In Group/Port: True
            In Sync Option: AUTO
            Out Sync Option: AUTO
            Interrupt generated: False
            Interrupt mode: NONE
            Drive mode: HI_Z_ANALOG
            VTrip: EITHER
            Slew: FAST
            Input Sync needed: False
            Output Sync needed: False
            SC shield enabled: False
            POR State: ANY
            LCD Mode: COMMON
            Register Mode: RegComb
            CaSense Mode: NEITHER
            Treat as pin: True
            Is OE Registered: False
            Uses Analog: True
            Can contain Digital: False
            Is SIO: False
            SIO Output Buf: NONREGULATED
            SIO Input Buf: SINGLE_ENDED
            SIO HiFreq: LOW
            SIO Hyst: DISABLED
            SIO Vtrip: MULTIPLIER_0_5
            SIO RefSel: VCC_IO
            Required Capabilitites: ANALOG
            Initial Value: 1
            IO Voltage: 0
        PORT MAP (
            pa_out => \CapSense_CSD:Sns(5)\__PA ,
            analog_term => \CapSense_CSD:Net_245_0\ ,
            pad => \CapSense_CSD:Sns(5)_PAD\ );
        Properties:
        {
        }

    Pin : Name = \CapSense_CSD:Sns(6)\
        Attributes:
            Alias: LinearSlider0_e6__LS
            In Group/Port: True
            In Sync Option: AUTO
            Out Sync Option: AUTO
            Interrupt generated: False
            Interrupt mode: NONE
            Drive mode: HI_Z_ANALOG
            VTrip: EITHER
            Slew: FAST
            Input Sync needed: False
            Output Sync needed: False
            SC shield enabled: False
            POR State: ANY
            LCD Mode: COMMON
            Register Mode: RegComb
            CaSense Mode: NEITHER
            Treat as pin: True
            Is OE Registered: False
            Uses Analog: True
            Can contain Digital: False
            Is SIO: False
            SIO Output Buf: NONREGULATED
            SIO Input Buf: SINGLE_ENDED
            SIO HiFreq: LOW
            SIO Hyst: DISABLED
            SIO Vtrip: MULTIPLIER_0_5
            SIO RefSel: VCC_IO
            Required Capabilitites: ANALOG
            Initial Value: 1
            IO Voltage: 0
        PORT MAP (
            pa_out => \CapSense_CSD:Sns(6)\__PA ,
            analog_term => \CapSense_CSD:Net_245_0\ ,
            pad => \CapSense_CSD:Sns(6)_PAD\ );
        Properties:
        {
        }

    Pin : Name = \CapSense_CSD:Sns(7)\
        Attributes:
            Alias: LinearSlider0_e7__LS
            In Group/Port: True
            In Sync Option: AUTO
            Out Sync Option: AUTO
            Interrupt generated: False
            Interrupt mode: NONE
            Drive mode: HI_Z_ANALOG
            VTrip: EITHER
            Slew: FAST
            Input Sync needed: False
            Output Sync needed: False
            SC shield enabled: False
            POR State: ANY
            LCD Mode: COMMON
            Register Mode: RegComb
            CaSense Mode: NEITHER
            Treat as pin: True
            Is OE Registered: False
            Uses Analog: True
            Can contain Digital: False
            Is SIO: False
            SIO Output Buf: NONREGULATED
            SIO Input Buf: SINGLE_ENDED
            SIO HiFreq: LOW
            SIO Hyst: DISABLED
            SIO Vtrip: MULTIPLIER_0_5
            SIO RefSel: VCC_IO
            Required Capabilitites: ANALOG
            Initial Value: 1
            IO Voltage: 0
        PORT MAP (
            pa_out => \CapSense_CSD:Sns(7)\__PA ,
            analog_term => \CapSense_CSD:Net_245_0\ ,
            pad => \CapSense_CSD:Sns(7)_PAD\ );
        Properties:
        {
        }

    Pin : Name = \CapSense_CSD:Sns(8)\
        Attributes:
            Alias: LinearSlider0_e8__LS
            In Group/Port: True
            In Sync Option: AUTO
            Out Sync Option: AUTO
            Interrupt generated: False
            Interrupt mode: NONE
            Drive mode: HI_Z_ANALOG
            VTrip: EITHER
            Slew: FAST
            Input Sync needed: False
            Output Sync needed: False
            SC shield enabled: False
            POR State: ANY
            LCD Mode: COMMON
            Register Mode: RegComb
            CaSense Mode: NEITHER
            Treat as pin: True
            Is OE Registered: False
            Uses Analog: True
            Can contain Digital: False
            Is SIO: False
            SIO Output Buf: NONREGULATED
            SIO Input Buf: SINGLE_ENDED
            SIO HiFreq: LOW
            SIO Hyst: DISABLED
            SIO Vtrip: MULTIPLIER_0_5
            SIO RefSel: VCC_IO
            Required Capabilitites: ANALOG
            Initial Value: 1
            IO Voltage: 0
        PORT MAP (
            pa_out => \CapSense_CSD:Sns(8)\__PA ,
            analog_term => \CapSense_CSD:Net_245_0\ ,
            pad => \CapSense_CSD:Sns(8)_PAD\ );
        Properties:
        {
        }

    Pin : Name = \CapSense_CSD:Sns(9)\
        Attributes:
            Alias: LinearSlider0_e9__LS
            In Group/Port: True
            In Sync Option: AUTO
            Out Sync Option: AUTO
            Interrupt generated: False
            Interrupt mode: NONE
            Drive mode: HI_Z_ANALOG
            VTrip: EITHER
            Slew: FAST
            Input Sync needed: False
            Output Sync needed: False
            SC shield enabled: False
            POR State: ANY
            LCD Mode: COMMON
            Register Mode: RegComb
            CaSense Mode: NEITHER
            Treat as pin: True
            Is OE Registered: False
            Uses Analog: True
            Can contain Digital: False
            Is SIO: False
            SIO Output Buf: NONREGULATED
            SIO Input Buf: SINGLE_ENDED
            SIO HiFreq: LOW
            SIO Hyst: DISABLED
            SIO Vtrip: MULTIPLIER_0_5
            SIO RefSel: VCC_IO
            Required Capabilitites: ANALOG
            Initial Value: 1
            IO Voltage: 0
        PORT MAP (
            pa_out => \CapSense_CSD:Sns(9)\__PA ,
            analog_term => \CapSense_CSD:Net_245_0\ ,
            pad => \CapSense_CSD:Sns(9)_PAD\ );
        Properties:
        {
        }
    </CYPRESSTAG>
    <CYPRESSTAG name="Macrocell listing" icon="FILE_RPT_EQUATION">

    ------------------------------------------------------------
    Macrocell listing
    ------------------------------------------------------------

    MacroCell: Name=__ONE__, Mode=(Combinatorial)
        Total # of inputs        : 0
        Total # of product terms : 0
            Clock Enable: True
        Main Equation            : 0 pterms
        !(
            0
        );
        Output = __ONE__ (fanout=2)
    </CYPRESSTAG>
    <CYPRESSTAG name="Datapath listing">
    </CYPRESSTAG>
    <CYPRESSTAG name="Status register listing">
    </CYPRESSTAG>
    <CYPRESSTAG name="StatusI register listing">
    </CYPRESSTAG>
    <CYPRESSTAG name="Sync listing">
    </CYPRESSTAG>
    <CYPRESSTAG name="Control register listing">
    </CYPRESSTAG>
    <CYPRESSTAG name="Count7 listing">
    </CYPRESSTAG>
    <CYPRESSTAG name="DRQ listing">
    </CYPRESSTAG>
    <CYPRESSTAG name="Interrupt listing">

    ------------------------------------------------------------
    Interrupt listing
    ------------------------------------------------------------

    interrupt: Name =\CapSense_CSD:ISR\
        PORT MAP (
            interrupt => \CapSense_CSD:Net_248\ );
        Properties:
        {
            int_type = "10"
        }
    </CYPRESSTAG>
</CYPRESSTAG>
<CYPRESSTAG name="Technology mapping summary" expanded>

------------------------------------------------------------
Technology mapping summary
------------------------------------------------------------

Resource Type                 : Used : Free :  Max :  % Used
============================================================
Digital clock dividers        :    0 :    4 :    4 :   0.00%
Pins                          :   18 :   18 :   36 :  50.00%
UDB Macrocells                :    1 :   31 :   32 :   3.13%
UDB Unique Pterms             :    0 :   64 :   64 :   0.00%
UDB Datapath Cells            :    0 :    4 :    4 :   0.00%
UDB Status Cells              :    0 :    4 :    4 :   0.00%
UDB Control Cells             :    0 :    4 :    4 :   0.00%
Interrupts                    :    1 :   31 :   32 :   3.13%
Comparator/Opamp Fixed Blocks :    0 :    2 :    2 :   0.00%
SAR Fixed Blocks              :    0 :    1 :    1 :   0.00%
CSD Fixed Blocks              :    1 :    0 :    1 : 100.00%
CapSense Blocks               :    1 :    0 :    1 : 100.00%
8-bit CapSense IDACs          :    1 :    0 :    1 : 100.00%
7-bit CapSense IDACs          :    1 :    0 :    1 : 100.00%
Temperature Sensors           :    0 :    1 :    1 :   0.00%
Low Power Comparators         :    0 :    2 :    2 :   0.00%
TCPWM Blocks                  :    1 :    3 :    4 :  25.00%
Serial Communication Blocks   :    0 :    2 :    2 :   0.00%
Segment LCD Blocks            :    0 :    1 :    1 :   0.00%
</CYPRESSTAG>
Technology Mapping: Elapsed time ==> 0s.778ms
Tech mapping phase: Elapsed time ==> 0s.845ms
</CYPRESSTAG>
<CYPRESSTAG name="Analog Placement">
<CYPRESSTAG name="Analog Placement">
Elapsed time ==> 0.0268161s
</CYPRESSTAG>
Analog Placement phase: Elapsed time ==> 0s.060ms
</CYPRESSTAG>
<CYPRESSTAG name="Analog Routing">
<CYPRESSTAG name="Analog Routing">
Route success=True, Iterations=1 Elapsed=0.0149539 secs
</CYPRESSTAG>
Analog Routing phase: Elapsed time ==> 0s.017ms
</CYPRESSTAG>
<CYPRESSTAG name="Analog Code Generation">
============ Analog Final Answer Routes ============
Dump of CyAnalogRoutingResultsDB
Map of net to items {
  Net: \CapSense_CSD:Net_245_0\ {
    source
    swhv_3
    amuxbusa
    P1_P40
    p1_0
    P4_P40
    p4_0
    P4_P43
    p4_3
    P4_P41
    p4_1
    P0_P40
    p0_0
    P0_P46
    p0_6
    P0_P45
    p0_5
    P0_P42
    p0_2
    P0_P41
    p0_1
    P0_P43
    p0_3
    P0_P44
    p0_4
    P0_P47
    p0_7
  }
  Net: \CapSense_CSD:Net_398\ {
    Net_2110
    swh_2
    p4_2
  }
}
Map of item to net {
  source                                           -> \CapSense_CSD:Net_245_0\
  swhv_3                                           -> \CapSense_CSD:Net_245_0\
  amuxbusa                                         -> \CapSense_CSD:Net_245_0\
  P1_P40                                           -> \CapSense_CSD:Net_245_0\
  p1_0                                             -> \CapSense_CSD:Net_245_0\
  P4_P40                                           -> \CapSense_CSD:Net_245_0\
  p4_0                                             -> \CapSense_CSD:Net_245_0\
  P4_P43                                           -> \CapSense_CSD:Net_245_0\
  p4_3                                             -> \CapSense_CSD:Net_245_0\
  P4_P41                                           -> \CapSense_CSD:Net_245_0\
  p4_1                                             -> \CapSense_CSD:Net_245_0\
  P0_P40                                           -> \CapSense_CSD:Net_245_0\
  p0_0                                             -> \CapSense_CSD:Net_245_0\
  P0_P46                                           -> \CapSense_CSD:Net_245_0\
  p0_6                                             -> \CapSense_CSD:Net_245_0\
  P0_P45                                           -> \CapSense_CSD:Net_245_0\
  p0_5                                             -> \CapSense_CSD:Net_245_0\
  P0_P42                                           -> \CapSense_CSD:Net_245_0\
  p0_2                                             -> \CapSense_CSD:Net_245_0\
  P0_P41                                           -> \CapSense_CSD:Net_245_0\
  p0_1                                             -> \CapSense_CSD:Net_245_0\
  P0_P43                                           -> \CapSense_CSD:Net_245_0\
  p0_3                                             -> \CapSense_CSD:Net_245_0\
  P0_P44                                           -> \CapSense_CSD:Net_245_0\
  p0_4                                             -> \CapSense_CSD:Net_245_0\
  P0_P47                                           -> \CapSense_CSD:Net_245_0\
  p0_7                                             -> \CapSense_CSD:Net_245_0\
  Net_2110                                         -> \CapSense_CSD:Net_398\
  swh_2                                            -> \CapSense_CSD:Net_398\
  p4_2                                             -> \CapSense_CSD:Net_398\
}
Mux Info {
}
Analog Code Generation phase: Elapsed time ==> 0s.244ms
</CYPRESSTAG>
<CYPRESSTAG name="Digital Placement">
<CYPRESSTAG name="Detailed placement messages">
I2659: No Constrained paths were found. The placer will run in non-timing driven mode.
I2076: Total run-time: 0.4 sec.

</CYPRESSTAG>
<CYPRESSTAG name="PLD Packing">
<CYPRESSTAG name="PLD Packing Summary" expanded>

------------------------------------------------------------
PLD Packing Summary
------------------------------------------------------------
            Resource Type : Used : Free :  Max :  % Used
    ====================================================
                     PLDs :    1 :    7 :    8 :  12.50%

<CYPRESSTAG name="PLD Statistics">

        PLD Resource Type :     Average/LAB
    =======================================
                   Inputs :            0.00
                   Pterms :            0.00
               Macrocells :            1.00
</CYPRESSTAG>
<CYPRESSTAG name="Packed PLD Contents">
Packed PLD Contents not displayed at this verbose level.</CYPRESSTAG>
</CYPRESSTAG>
PLD Packing: Elapsed time ==> 0s.002ms
</CYPRESSTAG>
<CYPRESSTAG name="Partitioning">
<CYPRESSTAG name="Initial Partitioning Summary">
Initial Partitioning Summary not displayed at this verbose level.</CYPRESSTAG>
<CYPRESSTAG name="Final Partitioning Summary">
Final Partitioning Summary not displayed at this verbose level.</CYPRESSTAG>
Partitioning: Elapsed time ==> 0s.029ms
</CYPRESSTAG>
<CYPRESSTAG name="Simulated Annealing">
Annealing: Elapsed time ==> 0s.003ms
<CYPRESSTAG name="Simulated Annealing Results">
The seed used for moves was 114161200.
Inital cost was 30, final cost is 30 (0.00% improvement).</CYPRESSTAG>
</CYPRESSTAG>
<CYPRESSTAG name="Final Placement Summary">

------------------------------------------------------------
Final Placement Summary
------------------------------------------------------------

       Resource Type :      Count : Avg Inputs : Avg Outputs
    ========================================================
                 UDB :          1 :       0.00 :       1.00
<CYPRESSTAG name="Final Placement Details">
<CYPRESSTAG name="Component Details">

------------------------------------------------------------
Component Placement Details
------------------------------------------------------------
UDB [UDB=(0,0)] is empty.
UDB [UDB=(0,1)] contents:
LAB@[UDB=(0,1)][LB=0] #macrocells=1, #inputs=0, #pterms=0
{
    [McSlotId=0]:     MacroCell: Name=__ONE__, Mode=(Combinatorial) @ [UDB=(0,1)][LB=0][MC=0]
        Total # of inputs        : 0
        Total # of product terms : 0
            Clock Enable: True
        Main Equation            : 0 pterms
        !(
            0
        );
        Output = __ONE__ (fanout=3)
        Properties               : 
        {
        }

    [McSlotId=1]: (empty)
    [McSlotId=2]: (empty)
    [McSlotId=3]: (empty)
}

UDB [UDB=(1,0)] is empty.
UDB [UDB=(1,1)] is empty.
Intr hod @ [IntrHod=(0)]: 
  Intr@ [IntrHod=(0)][IntrId=(15)] 
    interrupt: Name =\CapSense_CSD:ISR\
        PORT MAP (
            interrupt => \CapSense_CSD:Net_248\ );
        Properties:
        {
            int_type = "10"
        }
Port 0 contains the following IO cells:
[IoId=0]: 
Pin : Name = \CapSense_CSD:Sns(10)\
    Attributes:
        Alias: LinearSlider0_e10__LS
        In Group/Port: True
        In Sync Option: AUTO
        Out Sync Option: AUTO
        Interrupt generated: False
        Interrupt mode: NONE
        Drive mode: HI_Z_ANALOG
        VTrip: EITHER
        Slew: FAST
        Input Sync needed: False
        Output Sync needed: False
        SC shield enabled: False
        POR State: ANY
        LCD Mode: COMMON
        Register Mode: RegComb
        CaSense Mode: NEITHER
        Treat as pin: True
        Is OE Registered: False
        Uses Analog: True
        Can contain Digital: False
        Is SIO: False
        SIO Output Buf: NONREGULATED
        SIO Input Buf: SINGLE_ENDED
        SIO HiFreq: LOW
        SIO Hyst: DISABLED
        SIO Vtrip: MULTIPLIER_0_5
        SIO RefSel: VCC_IO
        Required Capabilitites: ANALOG
        Initial Value: 1
        IO Voltage: 0
    PORT MAP (
        pa_out => \CapSense_CSD:Sns(10)\__PA ,
        analog_term => \CapSense_CSD:Net_245_0\ ,
        pad => \CapSense_CSD:Sns(10)_PAD\ );
    Properties:
    {
    }

[IoId=1]: 
Pin : Name = \CapSense_CSD:Sns(9)\
    Attributes:
        Alias: LinearSlider0_e9__LS
        In Group/Port: True
        In Sync Option: AUTO
        Out Sync Option: AUTO
        Interrupt generated: False
        Interrupt mode: NONE
        Drive mode: HI_Z_ANALOG
        VTrip: EITHER
        Slew: FAST
        Input Sync needed: False
        Output Sync needed: False
        SC shield enabled: False
        POR State: ANY
        LCD Mode: COMMON
        Register Mode: RegComb
        CaSense Mode: NEITHER
        Treat as pin: True
        Is OE Registered: False
        Uses Analog: True
        Can contain Digital: False
        Is SIO: False
        SIO Output Buf: NONREGULATED
        SIO Input Buf: SINGLE_ENDED
        SIO HiFreq: LOW
        SIO Hyst: DISABLED
        SIO Vtrip: MULTIPLIER_0_5
        SIO RefSel: VCC_IO
        Required Capabilitites: ANALOG
        Initial Value: 1
        IO Voltage: 0
    PORT MAP (
        pa_out => \CapSense_CSD:Sns(9)\__PA ,
        analog_term => \CapSense_CSD:Net_245_0\ ,
        pad => \CapSense_CSD:Sns(9)_PAD\ );
    Properties:
    {
    }

[IoId=2]: 
Pin : Name = \CapSense_CSD:Sns(8)\
    Attributes:
        Alias: LinearSlider0_e8__LS
        In Group/Port: True
        In Sync Option: AUTO
        Out Sync Option: AUTO
        Interrupt generated: False
        Interrupt mode: NONE
        Drive mode: HI_Z_ANALOG
        VTrip: EITHER
        Slew: FAST
        Input Sync needed: False
        Output Sync needed: False
        SC shield enabled: False
        POR State: ANY
        LCD Mode: COMMON
        Register Mode: RegComb
        CaSense Mode: NEITHER
        Treat as pin: True
        Is OE Registered: False
        Uses Analog: True
        Can contain Digital: False
        Is SIO: False
        SIO Output Buf: NONREGULATED
        SIO Input Buf: SINGLE_ENDED
        SIO HiFreq: LOW
        SIO Hyst: DISABLED
        SIO Vtrip: MULTIPLIER_0_5
        SIO RefSel: VCC_IO
        Required Capabilitites: ANALOG
        Initial Value: 1
        IO Voltage: 0
    PORT MAP (
        pa_out => \CapSense_CSD:Sns(8)\__PA ,
        analog_term => \CapSense_CSD:Net_245_0\ ,
        pad => \CapSense_CSD:Sns(8)_PAD\ );
    Properties:
    {
    }

[IoId=3]: 
Pin : Name = \CapSense_CSD:Sns(7)\
    Attributes:
        Alias: LinearSlider0_e7__LS
        In Group/Port: True
        In Sync Option: AUTO
        Out Sync Option: AUTO
        Interrupt generated: False
        Interrupt mode: NONE
        Drive mode: HI_Z_ANALOG
        VTrip: EITHER
        Slew: FAST
        Input Sync needed: False
        Output Sync needed: False
        SC shield enabled: False
        POR State: ANY
        LCD Mode: COMMON
        Register Mode: RegComb
        CaSense Mode: NEITHER
        Treat as pin: True
        Is OE Registered: False
        Uses Analog: True
        Can contain Digital: False
        Is SIO: False
        SIO Output Buf: NONREGULATED
        SIO Input Buf: SINGLE_ENDED
        SIO HiFreq: LOW
        SIO Hyst: DISABLED
        SIO Vtrip: MULTIPLIER_0_5
        SIO RefSel: VCC_IO
        Required Capabilitites: ANALOG
        Initial Value: 1
        IO Voltage: 0
    PORT MAP (
        pa_out => \CapSense_CSD:Sns(7)\__PA ,
        analog_term => \CapSense_CSD:Net_245_0\ ,
        pad => \CapSense_CSD:Sns(7)_PAD\ );
    Properties:
    {
    }

[IoId=4]: 
Pin : Name = \CapSense_CSD:Sns(6)\
    Attributes:
        Alias: LinearSlider0_e6__LS
        In Group/Port: True
        In Sync Option: AUTO
        Out Sync Option: AUTO
        Interrupt generated: False
        Interrupt mode: NONE
        Drive mode: HI_Z_ANALOG
        VTrip: EITHER
        Slew: FAST
        Input Sync needed: False
        Output Sync needed: False
        SC shield enabled: False
        POR State: ANY
        LCD Mode: COMMON
        Register Mode: RegComb
        CaSense Mode: NEITHER
        Treat as pin: True
        Is OE Registered: False
        Uses Analog: True
        Can contain Digital: False
        Is SIO: False
        SIO Output Buf: NONREGULATED
        SIO Input Buf: SINGLE_ENDED
        SIO HiFreq: LOW
        SIO Hyst: DISABLED
        SIO Vtrip: MULTIPLIER_0_5
        SIO RefSel: VCC_IO
        Required Capabilitites: ANALOG
        Initial Value: 1
        IO Voltage: 0
    PORT MAP (
        pa_out => \CapSense_CSD:Sns(6)\__PA ,
        analog_term => \CapSense_CSD:Net_245_0\ ,
        pad => \CapSense_CSD:Sns(6)_PAD\ );
    Properties:
    {
    }

[IoId=5]: 
Pin : Name = \CapSense_CSD:Sns(5)\
    Attributes:
        Alias: LinearSlider0_e5__LS
        In Group/Port: True
        In Sync Option: AUTO
        Out Sync Option: AUTO
        Interrupt generated: False
        Interrupt mode: NONE
        Drive mode: HI_Z_ANALOG
        VTrip: EITHER
        Slew: FAST
        Input Sync needed: False
        Output Sync needed: False
        SC shield enabled: False
        POR State: ANY
        LCD Mode: COMMON
        Register Mode: RegComb
        CaSense Mode: NEITHER
        Treat as pin: True
        Is OE Registered: False
        Uses Analog: True
        Can contain Digital: False
        Is SIO: False
        SIO Output Buf: NONREGULATED
        SIO Input Buf: SINGLE_ENDED
        SIO HiFreq: LOW
        SIO Hyst: DISABLED
        SIO Vtrip: MULTIPLIER_0_5
        SIO RefSel: VCC_IO
        Required Capabilitites: ANALOG
        Initial Value: 1
        IO Voltage: 0
    PORT MAP (
        pa_out => \CapSense_CSD:Sns(5)\__PA ,
        analog_term => \CapSense_CSD:Net_245_0\ ,
        pad => \CapSense_CSD:Sns(5)_PAD\ );
    Properties:
    {
    }

[IoId=6]: 
Pin : Name = \CapSense_CSD:Sns(4)\
    Attributes:
        Alias: LinearSlider0_e4__LS
        In Group/Port: True
        In Sync Option: AUTO
        Out Sync Option: AUTO
        Interrupt generated: False
        Interrupt mode: NONE
        Drive mode: HI_Z_ANALOG
        VTrip: EITHER
        Slew: FAST
        Input Sync needed: False
        Output Sync needed: False
        SC shield enabled: False
        POR State: ANY
        LCD Mode: COMMON
        Register Mode: RegComb
        CaSense Mode: NEITHER
        Treat as pin: True
        Is OE Registered: False
        Uses Analog: True
        Can contain Digital: False
        Is SIO: False
        SIO Output Buf: NONREGULATED
        SIO Input Buf: SINGLE_ENDED
        SIO HiFreq: LOW
        SIO Hyst: DISABLED
        SIO Vtrip: MULTIPLIER_0_5
        SIO RefSel: VCC_IO
        Required Capabilitites: ANALOG
        Initial Value: 1
        IO Voltage: 0
    PORT MAP (
        pa_out => \CapSense_CSD:Sns(4)\__PA ,
        analog_term => \CapSense_CSD:Net_245_0\ ,
        pad => \CapSense_CSD:Sns(4)_PAD\ );
    Properties:
    {
    }

[IoId=7]: 
Pin : Name = \CapSense_CSD:Sns(3)\
    Attributes:
        Alias: LinearSlider0_e3__LS
        In Group/Port: True
        In Sync Option: AUTO
        Out Sync Option: AUTO
        Interrupt generated: False
        Interrupt mode: NONE
        Drive mode: HI_Z_ANALOG
        VTrip: EITHER
        Slew: FAST
        Input Sync needed: False
        Output Sync needed: False
        SC shield enabled: False
        POR State: ANY
        LCD Mode: COMMON
        Register Mode: RegComb
        CaSense Mode: NEITHER
        Treat as pin: True
        Is OE Registered: False
        Uses Analog: True
        Can contain Digital: False
        Is SIO: False
        SIO Output Buf: NONREGULATED
        SIO Input Buf: SINGLE_ENDED
        SIO HiFreq: LOW
        SIO Hyst: DISABLED
        SIO Vtrip: MULTIPLIER_0_5
        SIO RefSel: VCC_IO
        Required Capabilitites: ANALOG
        Initial Value: 1
        IO Voltage: 0
    PORT MAP (
        pa_out => \CapSense_CSD:Sns(3)\__PA ,
        analog_term => \CapSense_CSD:Net_245_0\ ,
        pad => \CapSense_CSD:Sns(3)_PAD\ );
    Properties:
    {
    }

Port 1 contains the following IO cells:
[IoId=0]: 
Pin : Name = \CapSense_CSD:Sns(2)\
    Attributes:
        Alias: LinearSlider0_e2__LS
        In Group/Port: True
        In Sync Option: AUTO
        Out Sync Option: AUTO
        Interrupt generated: False
        Interrupt mode: NONE
        Drive mode: HI_Z_ANALOG
        VTrip: EITHER
        Slew: FAST
        Input Sync needed: False
        Output Sync needed: False
        SC shield enabled: False
        POR State: ANY
        LCD Mode: COMMON
        Register Mode: RegComb
        CaSense Mode: NEITHER
        Treat as pin: True
        Is OE Registered: False
        Uses Analog: True
        Can contain Digital: False
        Is SIO: False
        SIO Output Buf: NONREGULATED
        SIO Input Buf: SINGLE_ENDED
        SIO HiFreq: LOW
        SIO Hyst: DISABLED
        SIO Vtrip: MULTIPLIER_0_5
        SIO RefSel: VCC_IO
        Required Capabilitites: ANALOG
        Initial Value: 1
        IO Voltage: 0
    PORT MAP (
        pa_out => \CapSense_CSD:Sns(2)\__PA ,
        analog_term => \CapSense_CSD:Net_245_0\ ,
        pad => \CapSense_CSD:Sns(2)_PAD\ );
    Properties:
    {
    }

[IoId=5]: 
Pin : Name = LED_2(0)
    Attributes:
        In Group/Port: True
        In Sync Option: AUTO
        Out Sync Option: NOSYNC
        Interrupt generated: False
        Interrupt mode: NONE
        Drive mode: CMOS_OUT
        VTrip: EITHER
        Slew: FAST
        Input Sync needed: False
        Output Sync needed: False
        SC shield enabled: False
        POR State: ANY
        LCD Mode: COMMON
        Register Mode: RegComb
        CaSense Mode: NEITHER
        Treat as pin: True
        Is OE Registered: False
        Uses Analog: False
        Can contain Digital: True
        Is SIO: False
        SIO Output Buf: NONREGULATED
        SIO Input Buf: SINGLE_ENDED
        SIO HiFreq: LOW
        SIO Hyst: DISABLED
        SIO Vtrip: MULTIPLIER_0_5
        SIO RefSel: VCC_IO
        Required Capabilitites: DIGITAL, TCPWM_N
        Initial Value: 1
        IO Voltage: 0
    PORT MAP (
        pa_out => LED_2(0)__PA ,
        input => Net_318 ,
        annotation => Net_46 ,
        pad => LED_2(0)_PAD );
    Properties:
    {
    }

[IoId=6]: 
Pin : Name = LED_1(0)
    Attributes:
        In Group/Port: True
        In Sync Option: AUTO
        Out Sync Option: NOSYNC
        Interrupt generated: False
        Interrupt mode: NONE
        Drive mode: CMOS_OUT
        VTrip: EITHER
        Slew: FAST
        Input Sync needed: False
        Output Sync needed: False
        SC shield enabled: False
        POR State: ANY
        LCD Mode: COMMON
        Register Mode: RegComb
        CaSense Mode: NEITHER
        Treat as pin: True
        Is OE Registered: False
        Uses Analog: False
        Can contain Digital: True
        Is SIO: False
        SIO Output Buf: NONREGULATED
        SIO Input Buf: SINGLE_ENDED
        SIO HiFreq: LOW
        SIO Hyst: DISABLED
        SIO Vtrip: MULTIPLIER_0_5
        SIO RefSel: VCC_IO
        Required Capabilitites: DIGITAL, TCPWM_P
        Initial Value: 1
        IO Voltage: 0
    PORT MAP (
        pa_out => LED_1(0)__PA ,
        input => Net_64 ,
        annotation => Net_56 ,
        pad => LED_1(0)_PAD );
    Properties:
    {
    }

[IoId=7]: 
Pin : Name = Pin_1(0)
    Attributes:
        In Group/Port: True
        In Sync Option: AUTO
        Out Sync Option: NOSYNC
        Interrupt generated: False
        Interrupt mode: NONE
        Drive mode: CMOS_OUT
        VTrip: EITHER
        Slew: FAST
        Input Sync needed: False
        Output Sync needed: False
        SC shield enabled: False
        POR State: ANY
        LCD Mode: COMMON
        Register Mode: RegComb
        CaSense Mode: NEITHER
        Treat as pin: True
        Is OE Registered: False
        Uses Analog: False
        Can contain Digital: True
        Is SIO: False
        SIO Output Buf: NONREGULATED
        SIO Input Buf: SINGLE_ENDED
        SIO HiFreq: LOW
        SIO Hyst: DISABLED
        SIO Vtrip: MULTIPLIER_0_5
        SIO RefSel: VCC_IO
        Required Capabilitites: DIGITAL
        Initial Value: 0
        IO Voltage: 0
    PORT MAP (
        pa_out => Pin_1(0)__PA ,
        pad => Pin_1(0)_PAD );
    Properties:
    {
    }

Port 2 is empty
Port 3 is empty
Port 4 contains the following IO cells:
[IoId=0]: 
Pin : Name = \CapSense_CSD:Sns(1)\
    Attributes:
        Alias: LinearSlider0_e1__LS
        In Group/Port: True
        In Sync Option: AUTO
        Out Sync Option: AUTO
        Interrupt generated: False
        Interrupt mode: NONE
        Drive mode: HI_Z_ANALOG
        VTrip: EITHER
        Slew: FAST
        Input Sync needed: False
        Output Sync needed: False
        SC shield enabled: False
        POR State: ANY
        LCD Mode: COMMON
        Register Mode: RegComb
        CaSense Mode: NEITHER
        Treat as pin: True
        Is OE Registered: False
        Uses Analog: True
        Can contain Digital: False
        Is SIO: False
        SIO Output Buf: NONREGULATED
        SIO Input Buf: SINGLE_ENDED
        SIO HiFreq: LOW
        SIO Hyst: DISABLED
        SIO Vtrip: MULTIPLIER_0_5
        SIO RefSel: VCC_IO
        Required Capabilitites: ANALOG
        Initial Value: 1
        IO Voltage: 0
    PORT MAP (
        pa_out => \CapSense_CSD:Sns(1)\__PA ,
        analog_term => \CapSense_CSD:Net_245_0\ ,
        pad => \CapSense_CSD:Sns(1)_PAD\ );
    Properties:
    {
    }

[IoId=1]: 
Pin : Name = \CapSense_CSD:Sns(0)\
    Attributes:
        Alias: LinearSlider0_e0__LS
        In Group/Port: True
        In Sync Option: AUTO
        Out Sync Option: AUTO
        Interrupt generated: False
        Interrupt mode: NONE
        Drive mode: HI_Z_ANALOG
        VTrip: EITHER
        Slew: FAST
        Input Sync needed: False
        Output Sync needed: False
        SC shield enabled: False
        POR State: ANY
        LCD Mode: COMMON
        Register Mode: RegComb
        CaSense Mode: NEITHER
        Treat as pin: True
        Is OE Registered: False
        Uses Analog: True
        Can contain Digital: False
        Is SIO: False
        SIO Output Buf: NONREGULATED
        SIO Input Buf: SINGLE_ENDED
        SIO HiFreq: LOW
        SIO Hyst: DISABLED
        SIO Vtrip: MULTIPLIER_0_5
        SIO RefSel: VCC_IO
        Required Capabilitites: ANALOG
        Initial Value: 1
        IO Voltage: 0
    PORT MAP (
        pa_out => \CapSense_CSD:Sns(0)\__PA ,
        analog_term => \CapSense_CSD:Net_245_0\ ,
        pad => \CapSense_CSD:Sns(0)_PAD\ );
    Properties:
    {
    }

[IoId=2]: 
Pin : Name = \CapSense_CSD:Cmod(0)\
    Attributes:
        Alias: Cmod
        In Group/Port: True
        In Sync Option: AUTO
        Out Sync Option: AUTO
        Interrupt generated: False
        Interrupt mode: NONE
        Drive mode: HI_Z_ANALOG
        VTrip: EITHER
        Slew: FAST
        Input Sync needed: False
        Output Sync needed: False
        SC shield enabled: False
        POR State: ANY
        LCD Mode: COMMON
        Register Mode: RegComb
        CaSense Mode: NEITHER
        Treat as pin: True
        Is OE Registered: False
        Uses Analog: True
        Can contain Digital: False
        Is SIO: False
        SIO Output Buf: NONREGULATED
        SIO Input Buf: SINGLE_ENDED
        SIO HiFreq: LOW
        SIO Hyst: DISABLED
        SIO Vtrip: MULTIPLIER_0_5
        SIO RefSel: VCC_IO
        Required Capabilitites: ANALOG
        Initial Value: 1
        IO Voltage: 0
    PORT MAP (
        pa_out => \CapSense_CSD:Cmod(0)\__PA ,
        analog_term => \CapSense_CSD:Net_398\ ,
        pad => \CapSense_CSD:Cmod(0)_PAD\ ,
        input => __ONE__ );
    Properties:
    {
    }

[IoId=3]: 
Pin : Name = \CapSense_CSD:Sns(11)\
    Attributes:
        Alias: LinearSlider0_e11__LS
        In Group/Port: True
        In Sync Option: AUTO
        Out Sync Option: AUTO
        Interrupt generated: False
        Interrupt mode: NONE
        Drive mode: HI_Z_ANALOG
        VTrip: EITHER
        Slew: FAST
        Input Sync needed: False
        Output Sync needed: False
        SC shield enabled: False
        POR State: ANY
        LCD Mode: COMMON
        Register Mode: RegComb
        CaSense Mode: NEITHER
        Treat as pin: True
        Is OE Registered: False
        Uses Analog: True
        Can contain Digital: False
        Is SIO: False
        SIO Output Buf: NONREGULATED
        SIO Input Buf: SINGLE_ENDED
        SIO HiFreq: LOW
        SIO Hyst: DISABLED
        SIO Vtrip: MULTIPLIER_0_5
        SIO RefSel: VCC_IO
        Required Capabilitites: ANALOG
        Initial Value: 1
        IO Voltage: 0
    PORT MAP (
        pa_out => \CapSense_CSD:Sns(11)\__PA ,
        analog_term => \CapSense_CSD:Net_245_0\ ,
        pad => \CapSense_CSD:Sns(11)_PAD\ );
    Properties:
    {
    }

Clock group 0: 
    M0S8 Clock Block @ [FFB(Clock,0)]: 
    m0s8clockblockcell: Name =ClockBlock
        PORT MAP (
            dsi_in_0 => ClockBlock_Routed1 ,
            lfclk => ClockBlock_LFCLK ,
            ilo => ClockBlock_ILO ,
            sysclk => ClockBlock_SYSCLK ,
            ext => ClockBlock_EXTCLK ,
            imo => ClockBlock_IMO ,
            hfclk => ClockBlock_HFCLK ,
            ff_div_6 => \CapSense_CSD:Net_420_ff6\ ,
            ff_div_5 => \CapSense_CSD:Net_429_ff5\ ,
            ff_div_8 => Net_225_ff8 );
        Properties:
        {
        }
PM group 0: empty
SPC group 0: empty
WDT group 0: empty
FSS group 0: empty
Low Power Comparator group 0: empty
Serial Communication Block group 0: empty
CSD Fixed Block group 0: 
    PSoC4 CSD Fixed Block @ [FFB(CSD,0)]:
        p4csdcell: Name =\CapSense_CSD:CSD_FFB\
            PORT MAP (
                source => \CapSense_CSD:Net_245_0\ ,
                shield => \CapSense_CSD:Net_241\ ,
                csh => \CapSense_CSD:Net_246\ ,
                cmod => \CapSense_CSD:Net_398\ ,
                sense_out => \CapSense_CSD:Net_329\ ,
                sample_out => \CapSense_CSD:Net_328\ ,
                clk1 => \CapSense_CSD:Net_429_ff5\ ,
                clk2 => \CapSense_CSD:Net_420_ff6\ ,
                irq => \CapSense_CSD:Net_248\ );
            Properties:
            {
                cy_registers = ""
                is_cmod_charge = 0
                is_csh_charge = 0
                is_mutual = 0
                sensors_count = 12
                shield_count = 1
            }
8-bit CapSense IDAC group 0: 
    PSoC4 8-bit CapSense IDAC @ [FFB(CSIDAC8,0)]:
        p4csidac8cell: Name =\CapSense_CSD:IDAC1:cy_psoc4_idac\
            PORT MAP (
                en => __ONE__ );
            Properties:
            {
                cy_registers = ""
                resolution = 8
            }
7-bit CapSense IDAC group 0: 
    PSoC4 7-bit CapSense IDAC @ [FFB(CSIDAC7,0)]:
        p4csidac7cell: Name =\CapSense_CSD:IDAC2:cy_psoc4_idac\
            PORT MAP (
                en => __ONE__ );
            Properties:
            {
                cy_registers = ""
                resolution = 7
            }
TCPWM Block group 0: 
    Tcpwm Block @ [FFB(TCPWM,0)]: 
    m0s8tcpwmcell: Name =\LED_CONTROL:cy_m0s8_tcpwm_1\
        PORT MAP (
            clock => Net_225_ff8 ,
            capture => zero ,
            count => tmpOE__LED_1_net_0 ,
            reload => zero ,
            stop => zero ,
            start => zero ,
            tr_underflow => Net_320 ,
            tr_overflow => Net_308 ,
            tr_compare_match => Net_321 ,
            line_out => Net_64 ,
            line_out_compl => Net_318 ,
            interrupt => Net_307 );
        Properties:
        {
            cy_registers = ""
        }
Comparator/Opamp Fixed Block group 0: empty
Temperature Sensor group 0: empty
SAR Fixed Block group 0: empty
Segment LCD Block group 0: empty
CLK_GEN group 0: 
    M0S8 Clock Gen Block @ [FFB(CLK_GEN,0)]: 
    m0s8clockgenblockcell: Name =ClockGenBlock
        PORT MAP (
             );
        Properties:
        {
        }
LPCOMPBLOCK group 0: empty
CTBMBLOCK group 0: empty
ANAPUMP group 0: empty
</CYPRESSTAG>
<CYPRESSTAG name="Port Configuration Details">

------------------------------------------------------------
Port Configuration report
------------------------------------------------------------
     |     |       | Interrupt |                  |                        | 
Port | Pin | Fixed |      Type |       Drive Mode |                   Name | Connections
-----+-----+-------+-----------+------------------+------------------------+--------------------------------------------
   0 |   0 |     * |      NONE |      HI_Z_ANALOG | \CapSense_CSD:Sns(10)\ | Analog(\CapSense_CSD:Net_245_0\)
     |   1 |     * |      NONE |      HI_Z_ANALOG |  \CapSense_CSD:Sns(9)\ | Analog(\CapSense_CSD:Net_245_0\)
     |   2 |     * |      NONE |      HI_Z_ANALOG |  \CapSense_CSD:Sns(8)\ | Analog(\CapSense_CSD:Net_245_0\)
     |   3 |     * |      NONE |      HI_Z_ANALOG |  \CapSense_CSD:Sns(7)\ | Analog(\CapSense_CSD:Net_245_0\)
     |   4 |     * |      NONE |      HI_Z_ANALOG |  \CapSense_CSD:Sns(6)\ | Analog(\CapSense_CSD:Net_245_0\)
     |   5 |     * |      NONE |      HI_Z_ANALOG |  \CapSense_CSD:Sns(5)\ | Analog(\CapSense_CSD:Net_245_0\)
     |   6 |     * |      NONE |      HI_Z_ANALOG |  \CapSense_CSD:Sns(4)\ | Analog(\CapSense_CSD:Net_245_0\)
     |   7 |     * |      NONE |      HI_Z_ANALOG |  \CapSense_CSD:Sns(3)\ | Analog(\CapSense_CSD:Net_245_0\)
-----+-----+-------+-----------+------------------+------------------------+--------------------------------------------
   1 |   0 |     * |      NONE |      HI_Z_ANALOG |  \CapSense_CSD:Sns(2)\ | Analog(\CapSense_CSD:Net_245_0\)
     |   5 |     * |      NONE |         CMOS_OUT |               LED_2(0) | In(Net_318)
     |   6 |     * |      NONE |         CMOS_OUT |               LED_1(0) | In(Net_64)
     |   7 |     * |      NONE |         CMOS_OUT |               Pin_1(0) | 
-----+-----+-------+-----------+------------------+------------------------+--------------------------------------------
   4 |   0 |     * |      NONE |      HI_Z_ANALOG |  \CapSense_CSD:Sns(1)\ | Analog(\CapSense_CSD:Net_245_0\)
     |   1 |     * |      NONE |      HI_Z_ANALOG |  \CapSense_CSD:Sns(0)\ | Analog(\CapSense_CSD:Net_245_0\)
     |   2 |     * |      NONE |      HI_Z_ANALOG | \CapSense_CSD:Cmod(0)\ | In(__ONE__), Analog(\CapSense_CSD:Net_398\)
     |   3 |     * |      NONE |      HI_Z_ANALOG | \CapSense_CSD:Sns(11)\ | Analog(\CapSense_CSD:Net_245_0\)
------------------------------------------------------------------------------------------------------------------------
</CYPRESSTAG>
</CYPRESSTAG>
</CYPRESSTAG>
Digital component placer commit/Report: Elapsed time ==> 0s.003ms
Digital Placement phase: Elapsed time ==> 1s.008ms
</CYPRESSTAG>
<CYPRESSTAG name="Digital Routing">
Routing successful.
Digital Routing phase: Elapsed time ==> 0s.801ms
</CYPRESSTAG>
<CYPRESSTAG name="Bitstream and API generation">
Bitstream and API generation phase: Elapsed time ==> 0s.475ms
</CYPRESSTAG>
<CYPRESSTAG name="Bitstream verification">
Bitstream verification phase: Elapsed time ==> 0s.069ms
</CYPRESSTAG>
<CYPRESSTAG name="Static timing analysis">
Timing report is in CapSense_CSD_P4_Design03_timing.html.
Static timing analysis phase: Elapsed time ==> 0s.838ms
</CYPRESSTAG>
<CYPRESSTAG name="Data reporting">
Data reporting phase: Elapsed time ==> 0s.001ms
</CYPRESSTAG>
<CYPRESSTAG name="Database update...">
Design database save phase: Elapsed time ==> 0s.235ms
</CYPRESSTAG>
cydsfit: Elapsed time ==> 4s.655ms
</CYPRESSTAG>
Fitter phase: Elapsed time ==> 4s.721ms
API generation phase: Elapsed time ==> 1s.789ms
Dependency generation phase: Elapsed time ==> 0s.047ms
Cleanup phase: Elapsed time ==> 0s.001ms
