ARM GAS  C:\Users\gsgill\AppData\Local\Temp\ccuaLvLg.s 			page 1


   1              		.cpu cortex-m0
   2              		.fpu softvfp
   3              		.eabi_attribute 20, 1
   4              		.eabi_attribute 21, 1
   5              		.eabi_attribute 23, 3
   6              		.eabi_attribute 24, 1
   7              		.eabi_attribute 25, 1
   8              		.eabi_attribute 26, 1
   9              		.eabi_attribute 30, 6
  10              		.eabi_attribute 34, 0
  11              		.eabi_attribute 18, 4
  12              		.code	16
  13              		.file	"main.c"
  14              		.text
  15              	.Ltext0:
  16              		.cfi_sections	.debug_frame
  17              		.comm	curPos,2,2
  18              		.section	.text.InterruptHandler,"ax",%progbits
  19              		.align	2
  20              		.global	InterruptHandler
  21              		.code	16
  22              		.thumb_func
  23              		.type	InterruptHandler, %function
  24              	InterruptHandler:
  25              	.LFB33:
  26              		.file 1 ".\\main.c"
   1:.\main.c      **** /*******************************************************************************
   2:.\main.c      **** * File Name: main.c
   3:.\main.c      **** *
   4:.\main.c      **** * Version: 2.00
   5:.\main.c      **** *
   6:.\main.c      **** * Description:
   7:.\main.c      **** *  This is source code for the datasheet example of the TCPWM (PWM 
   8:.\main.c      **** *  mode) component.
   9:.\main.c      **** *
  10:.\main.c      **** ********************************************************************************
  11:.\main.c      **** * Copyright 2013-2014, Cypress Semiconductor Corporation. All rights reserved.
  12:.\main.c      **** * This software is owned by Cypress Semiconductor Corporation and is protected
  13:.\main.c      **** * by and subject to worldwide patent and copyright laws and treaties.
  14:.\main.c      **** * Therefore, you may use this software only as provided in the license agreement
  15:.\main.c      **** * accompanying the software package from which you obtained this software.
  16:.\main.c      **** * CYPRESS AND ITS SUPPLIERS MAKE NO WARRANTY OF ANY KIND, EXPRESS OR IMPLIED,
  17:.\main.c      **** * WITH REGARD TO THIS SOFTWARE, INCLUDING, BUT NOT LIMITED TO, NONINFRINGEMENT,
  18:.\main.c      **** * IMPLIED WARRANTIES OF MERCHANTABILITY AND FITNESS FOR A PARTICULAR PURPOSE.
  19:.\main.c      **** *******************************************************************************/
  20:.\main.c      **** 
  21:.\main.c      **** #include <project.h>
  22:.\main.c      **** 
  23:.\main.c      **** #define BRIGHTNESS_DECREASE         (100u)
  24:.\main.c      **** 
  25:.\main.c      **** uint16 curPos;
  26:.\main.c      **** 
  27:.\main.c      **** 
  28:.\main.c      **** /*******************************************************************************
  29:.\main.c      **** * Define Interrupt service routine and allocate an vector to the Interrupt
  30:.\main.c      **** ********************************************************************************/
  31:.\main.c      **** CY_ISR(InterruptHandler)
ARM GAS  C:\Users\gsgill\AppData\Local\Temp\ccuaLvLg.s 			page 2


  32:.\main.c      **** {
  27              		.loc 1 32 0
  28              		.cfi_startproc
  29 0000 80B5     		push	{r7, lr}
  30              	.LCFI0:
  31              		.cfi_def_cfa_offset 8
  32              		.cfi_offset 7, -8
  33              		.cfi_offset 14, -4
  34 0002 00AF     		add	r7, sp, #0
  35              	.LCFI1:
  36              		.cfi_def_cfa_register 7
  33:.\main.c      **** 	/* Clear TC Inerrupt */
  34:.\main.c      ****    	PWM_ClearInterrupt(PWM_INTR_MASK_TC);
  37              		.loc 1 34 0
  38 0004 0120     		mov	r0, #1
  39 0006 FFF7FEFF 		bl	PWM_ClearInterrupt
  35:.\main.c      ****     
  36:.\main.c      **** 	/* Increment the Compare for LED brighrness decrease */ 
  37:.\main.c      ****     PWM_WriteCompare(PWM_ReadCompare() + BRIGHTNESS_DECREASE);
  40              		.loc 1 37 0
  41 000a FFF7FEFF 		bl	PWM_ReadCompare
  42 000e 031C     		mov	r3, r0
  43 0010 6433     		add	r3, r3, #100
  44 0012 181C     		mov	r0, r3
  45 0014 FFF7FEFF 		bl	PWM_WriteCompare
  38:.\main.c      **** }
  46              		.loc 1 38 0
  47 0018 BD46     		mov	sp, r7
  48              		@ sp needed for prologue
  49 001a 80BD     		pop	{r7, pc}
  50              		.cfi_endproc
  51              	.LFE33:
  52              		.size	InterruptHandler, .-InterruptHandler
  53              		.section	.text.main,"ax",%progbits
  54              		.align	2
  55              		.global	main
  56              		.code	16
  57              		.thumb_func
  58              		.type	main, %function
  59              	main:
  60              	.LFB34:
  39:.\main.c      **** 
  40:.\main.c      **** int main()
  41:.\main.c      **** {
  61              		.loc 1 41 0
  62              		.cfi_startproc
  63 0000 80B5     		push	{r7, lr}
  64              	.LCFI2:
  65              		.cfi_def_cfa_offset 8
  66              		.cfi_offset 7, -8
  67              		.cfi_offset 14, -4
  68 0002 00AF     		add	r7, sp, #0
  69              	.LCFI3:
  70              		.cfi_def_cfa_register 7
  42:.\main.c      ****     #if !(CY_PSOC4A)
  43:.\main.c      ****         CySysWdtDisable();
  44:.\main.c      ****     #endif /* !(CY_PSOC4A) */
ARM GAS  C:\Users\gsgill\AppData\Local\Temp\ccuaLvLg.s 			page 3


  45:.\main.c      ****     
  46:.\main.c      ****     CyDelay(50u);
  71              		.loc 1 46 0
  72 0004 3220     		mov	r0, #50
  73 0006 FFF7FEFF 		bl	CyDelay
  47:.\main.c      ****     
  48:.\main.c      ****     /* Enable the global interrupt */
  49:.\main.c      ****     CyGlobalIntEnable;
  74              		.loc 1 49 0
  75              	@ 49 ".\main.c" 1
  76 000a 62B6     		CPSIE   i
  77              	@ 0 "" 2
  50:.\main.c      ****  
  51:.\main.c      ****     /* Enable the Interrupt component connected to interrupt */
  52:.\main.c      ****     TC_ISR_StartEx(InterruptHandler);
  78              		.loc 1 52 0
  79              		.code	16
  80 000c 054B     		ldr	r3, .L4
  81 000e 181C     		mov	r0, r3
  82 0010 FFF7FEFF 		bl	TC_ISR_StartEx
  53:.\main.c      ****     
  54:.\main.c      **** 	/* Start the components */
  55:.\main.c      ****     PWM_Start();
  83              		.loc 1 55 0
  84 0014 FFF7FEFF 		bl	PWM_Start
  56:.\main.c      ****     PWM_WritePeriod(65300u);
  85              		.loc 1 56 0
  86 0018 034B     		ldr	r3, .L4+4
  87 001a 181C     		mov	r0, r3
  88 001c FFF7FEFF 		bl	PWM_WritePeriod
  89              	.L3:
  57:.\main.c      ****     
  58:.\main.c      ****     for(;;)
  59:.\main.c      ****     {
  60:.\main.c      ****         
  61:.\main.c      ****     }
  90              		.loc 1 61 0 discriminator 1
  91 0020 FEE7     		b	.L3
  92              	.L5:
  93 0022 C046     		.align	2
  94              	.L4:
  95 0024 00000000 		.word	InterruptHandler
  96 0028 14FF0000 		.word	65300
  97              		.cfi_endproc
  98              	.LFE34:
  99              		.size	main, .-main
 100              		.text
 101              	.Letext0:
 102              		.file 2 "./Generated_Source/PSoC4/cytypes.h"
 103              		.section	.debug_info,"",%progbits
 104              	.Ldebug_info0:
 105 0000 DF000000 		.4byte	0xdf
 106 0004 0200     		.2byte	0x2
 107 0006 00000000 		.4byte	.Ldebug_abbrev0
 108 000a 04       		.byte	0x4
 109 000b 01       		.uleb128 0x1
 110 000c 66000000 		.4byte	.LASF17
ARM GAS  C:\Users\gsgill\AppData\Local\Temp\ccuaLvLg.s 			page 4


 111 0010 01       		.byte	0x1
 112 0011 2A010000 		.4byte	.LASF18
 113 0015 27000000 		.4byte	.LASF19
 114 0019 00000000 		.4byte	.Ldebug_ranges0+0
 115 001d 00000000 		.4byte	0
 116 0021 00000000 		.4byte	0
 117 0025 00000000 		.4byte	.Ldebug_line0
 118 0029 02       		.uleb128 0x2
 119 002a 01       		.byte	0x1
 120 002b 06       		.byte	0x6
 121 002c 18010000 		.4byte	.LASF0
 122 0030 02       		.uleb128 0x2
 123 0031 01       		.byte	0x1
 124 0032 08       		.byte	0x8
 125 0033 D8000000 		.4byte	.LASF1
 126 0037 02       		.uleb128 0x2
 127 0038 02       		.byte	0x2
 128 0039 05       		.byte	0x5
 129 003a F4000000 		.4byte	.LASF2
 130 003e 02       		.uleb128 0x2
 131 003f 02       		.byte	0x2
 132 0040 07       		.byte	0x7
 133 0041 05010000 		.4byte	.LASF3
 134 0045 02       		.uleb128 0x2
 135 0046 04       		.byte	0x4
 136 0047 05       		.byte	0x5
 137 0048 EB000000 		.4byte	.LASF4
 138 004c 02       		.uleb128 0x2
 139 004d 04       		.byte	0x4
 140 004e 07       		.byte	0x7
 141 004f AF000000 		.4byte	.LASF5
 142 0053 02       		.uleb128 0x2
 143 0054 08       		.byte	0x8
 144 0055 05       		.byte	0x5
 145 0056 00000000 		.4byte	.LASF6
 146 005a 02       		.uleb128 0x2
 147 005b 08       		.byte	0x8
 148 005c 07       		.byte	0x7
 149 005d C1000000 		.4byte	.LASF7
 150 0061 03       		.uleb128 0x3
 151 0062 04       		.byte	0x4
 152 0063 05       		.byte	0x5
 153 0064 696E7400 		.ascii	"int\000"
 154 0068 02       		.uleb128 0x2
 155 0069 04       		.byte	0x4
 156 006a 07       		.byte	0x7
 157 006b 15000000 		.4byte	.LASF8
 158 006f 04       		.uleb128 0x4
 159 0070 33010000 		.4byte	.LASF9
 160 0074 02       		.byte	0x2
 161 0075 5C       		.byte	0x5c
 162 0076 3E000000 		.4byte	0x3e
 163 007a 04       		.uleb128 0x4
 164 007b 0E000000 		.4byte	.LASF10
 165 007f 02       		.byte	0x2
 166 0080 5D       		.byte	0x5d
 167 0081 4C000000 		.4byte	0x4c
ARM GAS  C:\Users\gsgill\AppData\Local\Temp\ccuaLvLg.s 			page 5


 168 0085 02       		.uleb128 0x2
 169 0086 04       		.byte	0x4
 170 0087 04       		.byte	0x4
 171 0088 24010000 		.4byte	.LASF11
 172 008c 02       		.uleb128 0x2
 173 008d 08       		.byte	0x8
 174 008e 04       		.byte	0x4
 175 008f FE000000 		.4byte	.LASF12
 176 0093 02       		.uleb128 0x2
 177 0094 01       		.byte	0x1
 178 0095 08       		.byte	0x8
 179 0096 E6000000 		.4byte	.LASF13
 180 009a 02       		.uleb128 0x2
 181 009b 04       		.byte	0x4
 182 009c 07       		.byte	0x7
 183 009d 52010000 		.4byte	.LASF14
 184 00a1 05       		.uleb128 0x5
 185 00a2 01       		.byte	0x1
 186 00a3 41010000 		.4byte	.LASF15
 187 00a7 01       		.byte	0x1
 188 00a8 1F       		.byte	0x1f
 189 00a9 01       		.byte	0x1
 190 00aa 00000000 		.4byte	.LFB33
 191 00ae 1C000000 		.4byte	.LFE33
 192 00b2 00000000 		.4byte	.LLST0
 193 00b6 01       		.byte	0x1
 194 00b7 06       		.uleb128 0x6
 195 00b8 01       		.byte	0x1
 196 00b9 22000000 		.4byte	.LASF16
 197 00bd 01       		.byte	0x1
 198 00be 28       		.byte	0x28
 199 00bf 61000000 		.4byte	0x61
 200 00c3 00000000 		.4byte	.LFB34
 201 00c7 2C000000 		.4byte	.LFE34
 202 00cb 2C000000 		.4byte	.LLST1
 203 00cf 01       		.byte	0x1
 204 00d0 07       		.uleb128 0x7
 205 00d1 3A010000 		.4byte	.LASF20
 206 00d5 01       		.byte	0x1
 207 00d6 19       		.byte	0x19
 208 00d7 6F000000 		.4byte	0x6f
 209 00db 01       		.byte	0x1
 210 00dc 05       		.byte	0x5
 211 00dd 03       		.byte	0x3
 212 00de 00000000 		.4byte	curPos
 213 00e2 00       		.byte	0
 214              		.section	.debug_abbrev,"",%progbits
 215              	.Ldebug_abbrev0:
 216 0000 01       		.uleb128 0x1
 217 0001 11       		.uleb128 0x11
 218 0002 01       		.byte	0x1
 219 0003 25       		.uleb128 0x25
 220 0004 0E       		.uleb128 0xe
 221 0005 13       		.uleb128 0x13
 222 0006 0B       		.uleb128 0xb
 223 0007 03       		.uleb128 0x3
 224 0008 0E       		.uleb128 0xe
ARM GAS  C:\Users\gsgill\AppData\Local\Temp\ccuaLvLg.s 			page 6


 225 0009 1B       		.uleb128 0x1b
 226 000a 0E       		.uleb128 0xe
 227 000b 55       		.uleb128 0x55
 228 000c 06       		.uleb128 0x6
 229 000d 11       		.uleb128 0x11
 230 000e 01       		.uleb128 0x1
 231 000f 52       		.uleb128 0x52
 232 0010 01       		.uleb128 0x1
 233 0011 10       		.uleb128 0x10
 234 0012 06       		.uleb128 0x6
 235 0013 00       		.byte	0
 236 0014 00       		.byte	0
 237 0015 02       		.uleb128 0x2
 238 0016 24       		.uleb128 0x24
 239 0017 00       		.byte	0
 240 0018 0B       		.uleb128 0xb
 241 0019 0B       		.uleb128 0xb
 242 001a 3E       		.uleb128 0x3e
 243 001b 0B       		.uleb128 0xb
 244 001c 03       		.uleb128 0x3
 245 001d 0E       		.uleb128 0xe
 246 001e 00       		.byte	0
 247 001f 00       		.byte	0
 248 0020 03       		.uleb128 0x3
 249 0021 24       		.uleb128 0x24
 250 0022 00       		.byte	0
 251 0023 0B       		.uleb128 0xb
 252 0024 0B       		.uleb128 0xb
 253 0025 3E       		.uleb128 0x3e
 254 0026 0B       		.uleb128 0xb
 255 0027 03       		.uleb128 0x3
 256 0028 08       		.uleb128 0x8
 257 0029 00       		.byte	0
 258 002a 00       		.byte	0
 259 002b 04       		.uleb128 0x4
 260 002c 16       		.uleb128 0x16
 261 002d 00       		.byte	0
 262 002e 03       		.uleb128 0x3
 263 002f 0E       		.uleb128 0xe
 264 0030 3A       		.uleb128 0x3a
 265 0031 0B       		.uleb128 0xb
 266 0032 3B       		.uleb128 0x3b
 267 0033 0B       		.uleb128 0xb
 268 0034 49       		.uleb128 0x49
 269 0035 13       		.uleb128 0x13
 270 0036 00       		.byte	0
 271 0037 00       		.byte	0
 272 0038 05       		.uleb128 0x5
 273 0039 2E       		.uleb128 0x2e
 274 003a 00       		.byte	0
 275 003b 3F       		.uleb128 0x3f
 276 003c 0C       		.uleb128 0xc
 277 003d 03       		.uleb128 0x3
 278 003e 0E       		.uleb128 0xe
 279 003f 3A       		.uleb128 0x3a
 280 0040 0B       		.uleb128 0xb
 281 0041 3B       		.uleb128 0x3b
ARM GAS  C:\Users\gsgill\AppData\Local\Temp\ccuaLvLg.s 			page 7


 282 0042 0B       		.uleb128 0xb
 283 0043 27       		.uleb128 0x27
 284 0044 0C       		.uleb128 0xc
 285 0045 11       		.uleb128 0x11
 286 0046 01       		.uleb128 0x1
 287 0047 12       		.uleb128 0x12
 288 0048 01       		.uleb128 0x1
 289 0049 40       		.uleb128 0x40
 290 004a 06       		.uleb128 0x6
 291 004b 9642     		.uleb128 0x2116
 292 004d 0C       		.uleb128 0xc
 293 004e 00       		.byte	0
 294 004f 00       		.byte	0
 295 0050 06       		.uleb128 0x6
 296 0051 2E       		.uleb128 0x2e
 297 0052 00       		.byte	0
 298 0053 3F       		.uleb128 0x3f
 299 0054 0C       		.uleb128 0xc
 300 0055 03       		.uleb128 0x3
 301 0056 0E       		.uleb128 0xe
 302 0057 3A       		.uleb128 0x3a
 303 0058 0B       		.uleb128 0xb
 304 0059 3B       		.uleb128 0x3b
 305 005a 0B       		.uleb128 0xb
 306 005b 49       		.uleb128 0x49
 307 005c 13       		.uleb128 0x13
 308 005d 11       		.uleb128 0x11
 309 005e 01       		.uleb128 0x1
 310 005f 12       		.uleb128 0x12
 311 0060 01       		.uleb128 0x1
 312 0061 40       		.uleb128 0x40
 313 0062 06       		.uleb128 0x6
 314 0063 9642     		.uleb128 0x2116
 315 0065 0C       		.uleb128 0xc
 316 0066 00       		.byte	0
 317 0067 00       		.byte	0
 318 0068 07       		.uleb128 0x7
 319 0069 34       		.uleb128 0x34
 320 006a 00       		.byte	0
 321 006b 03       		.uleb128 0x3
 322 006c 0E       		.uleb128 0xe
 323 006d 3A       		.uleb128 0x3a
 324 006e 0B       		.uleb128 0xb
 325 006f 3B       		.uleb128 0x3b
 326 0070 0B       		.uleb128 0xb
 327 0071 49       		.uleb128 0x49
 328 0072 13       		.uleb128 0x13
 329 0073 3F       		.uleb128 0x3f
 330 0074 0C       		.uleb128 0xc
 331 0075 02       		.uleb128 0x2
 332 0076 0A       		.uleb128 0xa
 333 0077 00       		.byte	0
 334 0078 00       		.byte	0
 335 0079 00       		.byte	0
 336              		.section	.debug_loc,"",%progbits
 337              	.Ldebug_loc0:
 338              	.LLST0:
ARM GAS  C:\Users\gsgill\AppData\Local\Temp\ccuaLvLg.s 			page 8


 339 0000 00000000 		.4byte	.LFB33
 340 0004 02000000 		.4byte	.LCFI0
 341 0008 0200     		.2byte	0x2
 342 000a 7D       		.byte	0x7d
 343 000b 00       		.sleb128 0
 344 000c 02000000 		.4byte	.LCFI0
 345 0010 04000000 		.4byte	.LCFI1
 346 0014 0200     		.2byte	0x2
 347 0016 7D       		.byte	0x7d
 348 0017 08       		.sleb128 8
 349 0018 04000000 		.4byte	.LCFI1
 350 001c 1C000000 		.4byte	.LFE33
 351 0020 0200     		.2byte	0x2
 352 0022 77       		.byte	0x77
 353 0023 08       		.sleb128 8
 354 0024 00000000 		.4byte	0
 355 0028 00000000 		.4byte	0
 356              	.LLST1:
 357 002c 00000000 		.4byte	.LFB34
 358 0030 02000000 		.4byte	.LCFI2
 359 0034 0200     		.2byte	0x2
 360 0036 7D       		.byte	0x7d
 361 0037 00       		.sleb128 0
 362 0038 02000000 		.4byte	.LCFI2
 363 003c 04000000 		.4byte	.LCFI3
 364 0040 0200     		.2byte	0x2
 365 0042 7D       		.byte	0x7d
 366 0043 08       		.sleb128 8
 367 0044 04000000 		.4byte	.LCFI3
 368 0048 2C000000 		.4byte	.LFE34
 369 004c 0200     		.2byte	0x2
 370 004e 77       		.byte	0x77
 371 004f 08       		.sleb128 8
 372 0050 00000000 		.4byte	0
 373 0054 00000000 		.4byte	0
 374              		.section	.debug_aranges,"",%progbits
 375 0000 24000000 		.4byte	0x24
 376 0004 0200     		.2byte	0x2
 377 0006 00000000 		.4byte	.Ldebug_info0
 378 000a 04       		.byte	0x4
 379 000b 00       		.byte	0
 380 000c 0000     		.2byte	0
 381 000e 0000     		.2byte	0
 382 0010 00000000 		.4byte	.LFB33
 383 0014 1C000000 		.4byte	.LFE33-.LFB33
 384 0018 00000000 		.4byte	.LFB34
 385 001c 2C000000 		.4byte	.LFE34-.LFB34
 386 0020 00000000 		.4byte	0
 387 0024 00000000 		.4byte	0
 388              		.section	.debug_ranges,"",%progbits
 389              	.Ldebug_ranges0:
 390 0000 00000000 		.4byte	.LFB33
 391 0004 1C000000 		.4byte	.LFE33
 392 0008 00000000 		.4byte	.LFB34
 393 000c 2C000000 		.4byte	.LFE34
 394 0010 00000000 		.4byte	0
 395 0014 00000000 		.4byte	0
ARM GAS  C:\Users\gsgill\AppData\Local\Temp\ccuaLvLg.s 			page 9


 396              		.section	.debug_line,"",%progbits
 397              	.Ldebug_line0:
 398 0000 76000000 		.section	.debug_str,"MS",%progbits,1
 398      02004500 
 398      00000201 
 398      FB0E0D00 
 398      01010101 
 399              	.LASF6:
 400 0000 6C6F6E67 		.ascii	"long long int\000"
 400      206C6F6E 
 400      6720696E 
 400      7400
 401              	.LASF10:
 402 000e 75696E74 		.ascii	"uint32\000"
 402      333200
 403              	.LASF8:
 404 0015 756E7369 		.ascii	"unsigned int\000"
 404      676E6564 
 404      20696E74 
 404      00
 405              	.LASF16:
 406 0022 6D61696E 		.ascii	"main\000"
 406      00
 407              	.LASF19:
 408 0027 443A5C57 		.ascii	"D:\\Workspace\\psoc4\\PWM_Fade_Ex\\PWMExample01\\PW"
 408      6F726B73 
 408      70616365 
 408      5C70736F 
 408      63345C50 
 409 0055 4D457861 		.ascii	"MExample01.cydsn\000"
 409      6D706C65 
 409      30312E63 
 409      7964736E 
 409      00
 410              	.LASF17:
 411 0066 474E5520 		.ascii	"GNU C 4.7.3 20130312 (release) [ARM/embedded-4_7-br"
 411      4320342E 
 411      372E3320 
 411      32303133 
 411      30333132 
 412 0099 616E6368 		.ascii	"anch revision 196615]\000"
 412      20726576 
 412      6973696F 
 412      6E203139 
 412      36363135 
 413              	.LASF5:
 414 00af 6C6F6E67 		.ascii	"long unsigned int\000"
 414      20756E73 
 414      69676E65 
 414      6420696E 
 414      7400
 415              	.LASF7:
 416 00c1 6C6F6E67 		.ascii	"long long unsigned int\000"
 416      206C6F6E 
 416      6720756E 
 416      7369676E 
 416      65642069 
ARM GAS  C:\Users\gsgill\AppData\Local\Temp\ccuaLvLg.s 			page 10


 417              	.LASF1:
 418 00d8 756E7369 		.ascii	"unsigned char\000"
 418      676E6564 
 418      20636861 
 418      7200
 419              	.LASF13:
 420 00e6 63686172 		.ascii	"char\000"
 420      00
 421              	.LASF4:
 422 00eb 6C6F6E67 		.ascii	"long int\000"
 422      20696E74 
 422      00
 423              	.LASF2:
 424 00f4 73686F72 		.ascii	"short int\000"
 424      7420696E 
 424      7400
 425              	.LASF12:
 426 00fe 646F7562 		.ascii	"double\000"
 426      6C6500
 427              	.LASF3:
 428 0105 73686F72 		.ascii	"short unsigned int\000"
 428      7420756E 
 428      7369676E 
 428      65642069 
 428      6E7400
 429              	.LASF0:
 430 0118 7369676E 		.ascii	"signed char\000"
 430      65642063 
 430      68617200 
 431              	.LASF11:
 432 0124 666C6F61 		.ascii	"float\000"
 432      7400
 433              	.LASF18:
 434 012a 2E5C6D61 		.ascii	".\\main.c\000"
 434      696E2E63 
 434      00
 435              	.LASF9:
 436 0133 75696E74 		.ascii	"uint16\000"
 436      313600
 437              	.LASF20:
 438 013a 63757250 		.ascii	"curPos\000"
 438      6F7300
 439              	.LASF15:
 440 0141 496E7465 		.ascii	"InterruptHandler\000"
 440      72727570 
 440      7448616E 
 440      646C6572 
 440      00
 441              	.LASF14:
 442 0152 73697A65 		.ascii	"sizetype\000"
 442      74797065 
 442      00
 443              		.ident	"GCC: (GNU Tools for ARM Embedded Processors) 4.7.3 20130312 (release) [ARM/embedded-4_7-br
